TEXTURE AT STRAIN =    0.8750
   1.016   2.138   0.483  <-- length of phase ellipsoid axes
   -0.00   25.42    0.00  <-- Euler angles (deg) of phase ellipsoid axes
B       500
  123.27  144.19  -19.03   0.0020000
  -79.72   32.31   47.75   0.0020000
   59.43   15.93  138.35   0.0020000
  152.25  148.32   -1.27   0.0020000
  146.01  143.87  -25.27   0.0020000
    4.58   18.38 -125.53   0.0020000
   12.54   27.06  -23.07   0.0020000
 -159.64  158.85    2.45   0.0020000
  -33.26   27.48  171.06   0.0020000
 -117.18  148.39 -140.18   0.0020000
 -134.40  161.38 -149.55   0.0020000
  168.81  162.97 -160.23   0.0020000
   38.35   29.61   -5.55   0.0020000
   30.32   36.19  147.40   0.0020000
   55.99   50.20  -51.77   0.0020000
  -76.19   58.02 -125.76   0.0020000
   31.61   18.98  -97.81   0.0020000
   64.08   36.62  -34.36   0.0020000
   60.38   36.00  154.25   0.0020000
  -37.38   22.70  169.53   0.0020000
 -146.04  153.08   14.30   0.0020000
   94.09  151.91  -56.48   0.0020000
  -22.12   19.67    9.28   0.0020000
   14.65    6.37   29.95   0.0020000
  137.82  144.25   18.74   0.0020000
  122.31  139.57  -55.16   0.0020000
  -56.73   44.71  -97.73   0.0020000
  -11.55   23.57 -171.71   0.0020000
  -87.45   86.73 -101.53   0.0020000
  -34.45   43.20    4.24   0.0020000
  128.04  136.60   78.63   0.0020000
    7.99   22.48  -17.16   0.0020000
  178.93  156.68  144.07   0.0020000
  -71.44   51.30 -109.37   0.0020000
  -57.60   69.01 -114.23   0.0020000
   25.32   25.58 -148.36   0.0020000
   71.06  140.48 -110.74   0.0020000
  -80.56   51.27 -131.74   0.0020000
 -135.45  146.37  114.53   0.0020000
   25.25   27.38   90.95   0.0020000
 -136.40  151.84   51.87   0.0020000
  119.43  130.32  108.36   0.0020000
  165.44  147.81  175.86   0.0020000
  -36.79   26.54  160.60   0.0020000
  161.48  144.07 -107.54   0.0020000
 -153.74  149.79 -140.65   0.0020000
  -50.95   28.74   27.25   0.0020000
  139.10  142.71  129.88   0.0020000
  -21.95   23.77 -162.19   0.0020000
  -31.61   23.89 -163.36   0.0020000
  -23.69   20.60 -121.71   0.0020000
  -53.60   43.44 -142.94   0.0020000
   37.40   38.62 -177.35   0.0020000
 -172.58  159.48   -8.29   0.0020000
   53.79   32.96  175.33   0.0020000
 -114.89  141.04   37.84   0.0020000
   92.25  108.21  -70.67   0.0020000
    5.10   22.16    2.45   0.0020000
    1.26   18.09  -80.44   0.0020000
   41.59   33.97  120.59   0.0020000
    9.64   15.99  140.41   0.0020000
  -13.97   31.70  179.11   0.0020000
 -101.37  102.75 -111.13   0.0020000
 -177.91  160.66  -33.84   0.0020000
  -41.91   32.50 -133.29   0.0020000
  169.65  145.65 -159.42   0.0020000
  117.73  171.39  -45.89   0.0020000
   41.51   43.97  179.77   0.0020000
  -79.43   38.10   63.92   0.0020000
 -131.07  135.44 -125.35   0.0020000
   26.81   28.81   -7.36   0.0020000
   -4.30   30.44  179.51   0.0020000
   34.77   19.64 -172.17   0.0020000
 -126.92  140.40   -2.74   0.0020000
  152.93  163.75 -160.50   0.0020000
 -155.77  161.69  -51.46   0.0020000
  -89.54  151.41  165.26   0.0020000
  150.23  128.62   45.39   0.0020000
  134.32  136.47   96.27   0.0020000
   78.62  175.30  117.04   0.0020000
  170.25  145.73  166.49   0.0020000
   27.28   20.48 -172.09   0.0020000
 -123.83  154.44   56.44   0.0020000
  -48.05   44.36 -131.48   0.0020000
    4.02   18.13   74.94   0.0020000
  155.72  145.27  163.53   0.0020000
  175.91  151.39  157.05   0.0020000
   48.37   37.00  119.09   0.0020000
   18.81   35.64   35.34   0.0020000
   19.33   26.68  -35.72   0.0020000
   44.56   10.34  116.26   0.0020000
   50.66   24.96   20.44   0.0020000
   90.20   79.35  119.37   0.0020000
   43.35   51.31 -137.63   0.0020000
  -46.23   39.93   40.41   0.0020000
 -174.60  159.11 -150.49   0.0020000
  140.37  153.60  141.05   0.0020000
   63.98   43.85  -59.30   0.0020000
  115.85  138.45  -55.66   0.0020000
 -174.83  150.50   50.90   0.0020000
   57.20   36.18  -48.08   0.0020000
  178.92  150.58   67.13   0.0020000
  131.56  130.32  -25.11   0.0020000
  172.29  157.83  149.09   0.0020000
   37.53   34.12  101.78   0.0020000
  132.98  143.24  -49.65   0.0020000
   26.14   21.21    6.91   0.0020000
  -22.48   24.22  167.05   0.0020000
    8.07   34.75 -137.42   0.0020000
  -19.87   28.47 -133.10   0.0020000
    1.12   21.03 -138.62   0.0020000
   70.00   68.30   80.51   0.0020000
 -104.38  131.74 -179.37   0.0020000
 -136.70  137.83 -130.41   0.0020000
  132.26  145.00  -83.47   0.0020000
  147.55  154.03  -30.07   0.0020000
   60.67   38.23  -25.64   0.0020000
  -36.44   24.78  -55.60   0.0020000
 -151.71  153.66   24.86   0.0020000
   90.80  136.41  -19.66   0.0020000
   10.31   20.16  -19.85   0.0020000
   15.43   29.98   96.91   0.0020000
   43.66   27.68  156.51   0.0020000
  -70.47   44.78 -153.75   0.0020000
 -174.00  159.05   14.19   0.0020000
  118.09  149.52  -14.32   0.0020000
   89.02   85.58  -78.34   0.0020000
 -172.14  157.60  -22.03   0.0020000
 -161.59  142.46 -129.46   0.0020000
 -149.26  165.39  152.80   0.0020000
   10.73   26.06   -4.94   0.0020000
 -134.60  146.06  172.78   0.0020000
   38.88   35.64  -92.55   0.0020000
  -46.51   28.17 -107.04   0.0020000
 -161.79  156.17 -160.68   0.0020000
 -109.07  133.59   31.73   0.0020000
  -61.05   38.97   70.69   0.0020000
  164.17  149.79  153.74   0.0020000
  -63.14   45.41   54.10   0.0020000
   38.53   42.33  137.54   0.0020000
 -126.44  156.06   64.99   0.0020000
  142.51  153.41  130.44   0.0020000
 -175.38  147.29   89.68   0.0020000
   30.23   21.87  109.42   0.0020000
 -156.76  153.42   63.86   0.0020000
  150.70  151.86   -0.63   0.0020000
  140.97  136.56  112.97   0.0020000
   95.16   99.28  108.36   0.0020000
   28.97   31.21  -77.30   0.0020000
   77.70   56.00  117.96   0.0020000
 -166.38  156.71   38.77   0.0020000
  -49.38   44.86    8.75   0.0020000
   50.26   32.81  -29.54   0.0020000
 -125.59  134.75   65.19   0.0020000
  -99.19  105.13 -106.04   0.0020000
  155.05  157.79  169.09   0.0020000
 -141.78  154.89 -101.22   0.0020000
  141.02  166.30  126.73   0.0020000
  160.28  151.47   63.95   0.0020000
  173.05  151.45 -168.26   0.0020000
   30.41   39.16   75.05   0.0020000
   86.99   51.98  140.86   0.0020000
 -131.39  146.97   45.55   0.0020000
 -148.65  154.50 -144.19   0.0020000
   62.42   39.71   65.10   0.0020000
   50.92   46.26   -9.32   0.0020000
  -10.84   21.12  146.87   0.0020000
   25.12   18.64 -163.90   0.0020000
  112.20  125.81  126.42   0.0020000
  106.16  101.70  118.16   0.0020000
  -30.22   34.83 -123.59   0.0020000
 -139.89  162.07 -108.34   0.0020000
   10.17   11.23   -3.77   0.0020000
 -112.65  128.61   41.74   0.0020000
 -129.13  151.43   31.25   0.0020000
  148.51  149.46  -36.33   0.0020000
  166.31  154.33  151.69   0.0020000
 -159.77  155.52 -161.54   0.0020000
 -131.29  146.16  -60.56   0.0020000
   97.10   85.57  -78.39   0.0020000
  -10.78   22.25   52.76   0.0020000
  121.95  133.53  136.22   0.0020000
 -146.01  153.20   92.48   0.0020000
  -85.72   65.80 -112.32   0.0020000
  137.66  149.70  133.69   0.0020000
  104.78   84.88  -38.69   0.0020000
  172.14  147.30 -172.63   0.0020000
   36.00   36.20   41.32   0.0020000
 -160.53  152.58 -151.26   0.0020000
  148.51  146.88  -54.83   0.0020000
 -144.01  140.08  -79.02   0.0020000
  143.23  134.84  -57.89   0.0020000
 -102.34  136.40    9.36   0.0020000
  -72.54   59.81   76.88   0.0020000
  -48.04   37.37 -153.81   0.0020000
   73.00   67.30  -55.61   0.0020000
  167.81  159.76 -171.29   0.0020000
  164.78  164.12 -164.27   0.0020000
  118.97  153.23 -142.96   0.0020000
  -69.70   38.17   41.88   0.0020000
  144.93  157.87 -178.63   0.0020000
   19.50   37.99   13.86   0.0020000
   25.70   33.40 -162.31   0.0020000
   93.02   85.09  -89.38   0.0020000
  -29.75   34.39   23.69   0.0020000
   39.38   31.41  -49.59   0.0020000
  157.37  157.75   -7.52   0.0020000
 -121.10  143.84   40.91   0.0020000
   27.93   21.31  121.65   0.0020000
 -105.54  137.38  -80.80   0.0020000
  -55.69   33.69 -119.70   0.0020000
  -82.46   25.80  -29.70   0.0020000
 -127.02  158.07 -169.68   0.0020000
   25.69   28.86  159.36   0.0020000
  177.10  163.23   -1.04   0.0020000
  110.85  124.36  -62.96   0.0020000
   21.87   33.55 -166.42   0.0020000
   11.76   20.74 -168.80   0.0020000
   18.82   26.31  175.02   0.0020000
 -154.81  145.24 -162.55   0.0020000
  135.13  156.88  -16.74   0.0020000
 -159.44  149.77   24.92   0.0020000
 -163.51  147.08 -142.19   0.0020000
  -85.24  122.24  -82.03   0.0020000
  -36.85   32.09 -150.71   0.0020000
  137.80  141.43  157.02   0.0020000
  -31.81   38.41 -149.10   0.0020000
  -17.02   26.75   21.32   0.0020000
  -65.05   27.52 -158.00   0.0020000
 -148.02  147.89 -102.83   0.0020000
  -57.98   41.08 -110.10   0.0020000
  -12.68   27.10   18.30   0.0020000
  172.36  160.62   94.78   0.0020000
  131.97  131.60   68.03   0.0020000
 -173.87  158.68  171.43   0.0020000
 -155.10  150.73  106.70   0.0020000
  164.15  152.84 -136.70   0.0020000
 -124.54  140.45 -144.17   0.0020000
   49.39   36.39  -95.23   0.0020000
 -138.93  145.48 -142.00   0.0020000
   22.85   27.46  -16.75   0.0020000
   30.54   24.96  -64.19   0.0020000
   -6.46  126.50   60.12   0.0020000
 -132.49  157.12 -139.94   0.0020000
  -30.26   30.28 -109.47   0.0020000
  -69.61   70.70   73.57   0.0020000
 -134.24  147.30 -137.13   0.0020000
  132.36  151.72 -175.43   0.0020000
 -126.92  146.87   51.18   0.0020000
  -84.30   92.91 -120.12   0.0020000
 -110.56  131.78   77.38   0.0020000
  122.93  131.09  -77.31   0.0020000
  -67.19   41.45 -133.51   0.0020000
  -28.19   26.19 -159.82   0.0020000
    5.48   22.67  146.35   0.0020000
   81.22   28.65   79.90   0.0020000
 -128.23  152.13 -159.41   0.0020000
   27.02   33.62    1.12   0.0020000
   17.58   43.02  -55.70   0.0020000
  132.20  145.56  171.82   0.0020000
 -123.02  130.03 -127.95   0.0020000
  -86.91   83.64  -87.14   0.0020000
  -92.62  143.05   46.73   0.0020000
  116.29   95.75  107.72   0.0020000
 -145.97  156.78 -178.17   0.0020000
   -8.63   22.45  -23.78   0.0020000
 -117.79  161.51  -61.21   0.0020000
 -148.77  158.96  -10.39   0.0020000
 -151.69  149.73  -14.93   0.0020000
  -52.14   45.53 -113.38   0.0020000
  -43.98   40.64  177.30   0.0020000
 -167.92  158.38 -141.76   0.0020000
 -132.34  148.94  -36.75   0.0020000
  -93.02  106.89 -168.24   0.0020000
 -115.63  142.05  177.31   0.0020000
   -6.99   38.47  -63.11   0.0020000
 -136.27  152.25   20.14   0.0020000
 -170.51  155.41   12.52   0.0020000
  156.49  157.97  170.26   0.0020000
   52.65   49.07   -1.62   0.0020000
 -133.67  151.05  -23.75   0.0020000
  153.64  144.50  -43.16   0.0020000
 -135.15  153.15 -144.45   0.0020000
   58.00   37.87  112.02   0.0020000
 -153.36  158.63 -169.63   0.0020000
 -117.26  140.09   13.73   0.0020000
   58.37   54.89  103.16   0.0020000
  147.16  145.70   18.47   0.0020000
  -31.39   36.12 -138.32   0.0020000
    4.46   19.96 -165.03   0.0020000
 -104.67  137.26   60.82   0.0020000
    3.83   22.12  165.10   0.0020000
   51.97   34.70  153.64   0.0020000
  -43.36   27.93   28.54   0.0020000
  178.92  160.23  -37.91   0.0020000
  -17.51   24.39  178.70   0.0020000
  145.16  150.02  168.30   0.0020000
  -80.70   60.64 -136.34   0.0020000
 -164.61  158.85  144.31   0.0020000
 -149.88  155.23 -164.70   0.0020000
   25.02   25.84  -18.21   0.0020000
   21.51   22.97  144.88   0.0020000
   -3.49   20.38   36.93   0.0020000
 -156.21  153.99   18.70   0.0020000
 -167.19  162.60  -69.06   0.0020000
  -34.71   32.95 -124.99   0.0020000
  -41.22   33.50 -145.49   0.0020000
 -124.18  134.05 -136.30   0.0020000
  168.10  153.77  179.99   0.0020000
 -103.28  118.01   79.86   0.0020000
   33.89   39.72  113.88   0.0020000
  -51.81   45.10 -172.38   0.0020000
 -163.50  140.58  115.95   0.0020000
 -160.17  156.48 -175.00   0.0020000
  -68.79   32.83 -154.83   0.0020000
   56.94   46.30  138.90   0.0020000
  -12.78   27.84   49.69   0.0020000
 -108.65  110.02   75.22   0.0020000
  -40.82   33.19 -138.05   0.0020000
 -167.63  151.73   18.47   0.0020000
  129.30  168.20  132.92   0.0020000
  113.88  125.34  -87.19   0.0020000
  -32.39   31.22 -160.73   0.0020000
  129.81  149.71 -177.36   0.0020000
   -6.96   20.58 -175.94   0.0020000
  -32.48   32.00 -114.35   0.0020000
  -20.79   44.02  108.14   0.0020000
   16.34   32.22    5.46   0.0020000
  112.90  122.78  -54.46   0.0020000
  176.69  150.47   12.44   0.0020000
  -49.15   40.98   61.55   0.0020000
   40.44   35.08  -72.26   0.0020000
  163.74  160.35  124.46   0.0020000
  -65.08   31.58   15.77   0.0020000
   28.00   36.52   87.60   0.0020000
 -111.71  118.73   85.08   0.0020000
 -100.63  174.41   25.44   0.0020000
   80.42   78.74  127.73   0.0020000
  -20.18   32.08 -128.41   0.0020000
  175.07  154.80  -17.69   0.0020000
   60.26   26.56   22.08   0.0020000
   81.68   88.27  136.77   0.0020000
   55.22   30.35   85.31   0.0020000
  172.99  169.74  172.87   0.0020000
  112.68  128.74  -39.10   0.0020000
  173.06  157.76 -173.72   0.0020000
   60.23   41.37  -42.44   0.0020000
 -170.98  158.82   11.41   0.0020000
   41.16   28.32  169.44   0.0020000
 -149.03  153.15   36.49   0.0020000
  153.80  156.24  -93.40   0.0020000
 -121.50  138.27   57.46   0.0020000
  -35.62   43.29  151.36   0.0020000
  102.35  116.19  -85.04   0.0020000
   42.03   19.39  -86.71   0.0020000
 -113.92  130.09 -128.27   0.0020000
   12.44   30.56  -17.07   0.0020000
  -71.63   43.62   62.62   0.0020000
 -146.57  149.95   39.50   0.0020000
  -48.62   23.64 -154.70   0.0020000
  155.35  149.43  114.35   0.0020000
  -50.36   41.92   69.92   0.0020000
  163.83  155.32  168.47   0.0020000
 -161.67  154.81  -27.36   0.0020000
  132.03  133.05  148.30   0.0020000
  172.97  158.74   -3.38   0.0020000
   23.33   29.99 -153.30   0.0020000
  125.48  136.28  125.07   0.0020000
 -147.18  162.93  -87.00   0.0020000
  -43.78   39.32 -136.73   0.0020000
  156.63  157.48  -15.83   0.0020000
   84.63   51.49  131.06   0.0020000
 -109.28  106.98  -69.42   0.0020000
  -20.52   19.99 -131.63   0.0020000
    4.32   37.31  -90.42   0.0020000
   54.01   37.14  -67.50   0.0020000
 -140.42  156.36 -144.94   0.0020000
   -5.51   23.61  -43.37   0.0020000
   42.57   25.83  -42.44   0.0020000
  -31.87   27.88   58.32   0.0020000
  -68.38   41.94 -103.85   0.0020000
   12.71   40.24  119.66   0.0020000
 -163.05  158.02  177.67   0.0020000
  155.22    9.32  132.39   0.0020000
 -118.11  144.29   25.61   0.0020000
   33.41   32.35  153.04   0.0020000
    9.51   29.92  -29.89   0.0020000
   64.22   36.49  177.73   0.0020000
  175.48  158.14  154.35   0.0020000
  128.81  142.20  124.89   0.0020000
  165.70  159.04  165.18   0.0020000
  139.18  146.05  -52.56   0.0020000
 -129.79  142.20  -87.52   0.0020000
  115.37  105.91  121.78   0.0020000
   33.46   30.37   82.00   0.0020000
 -169.47  158.14 -147.31   0.0020000
 -129.80  152.55 -107.50   0.0020000
  178.32  143.21 -120.99   0.0020000
   59.79   33.17  -11.53   0.0020000
   55.96   34.88  -53.88   0.0020000
   36.30   23.57  -42.36   0.0020000
  -73.06   36.00   65.94   0.0020000
 -161.42  151.83   23.51   0.0020000
  -61.72   22.06  -96.54   0.0020000
   45.46   29.97  157.42   0.0020000
 -149.38  150.32   -4.02   0.0020000
 -167.62  156.40 -102.41   0.0020000
 -139.38  152.24 -148.91   0.0020000
 -113.76  117.30 -135.57   0.0020000
  -84.20   72.83   68.85   0.0020000
 -157.61  152.18   42.41   0.0020000
  155.80  157.68  -21.20   0.0020000
  -36.08   30.07 -126.00   0.0020000
   10.14   28.27 -121.12   0.0020000
  162.44  158.56  -48.72   0.0020000
   -8.02   23.78 -164.50   0.0020000
  -68.11   60.91   62.17   0.0020000
  -41.78   33.41 -137.13   0.0020000
  166.07  136.24 -159.99   0.0020000
 -176.12  163.55   52.37   0.0020000
  116.12  147.00  141.28   0.0020000
  118.25  131.38  133.94   0.0020000
   -1.95   36.49 -156.91   0.0020000
  156.05  157.02  -92.12   0.0020000
   -6.71   24.46   35.35   0.0020000
 -122.33  143.12 -143.20   0.0020000
 -154.67  155.47   16.97   0.0020000
 -163.88  155.10  -36.88   0.0020000
 -136.38  157.82   91.42   0.0020000
   13.06   24.87   -0.21   0.0020000
  173.22  156.35  117.02   0.0020000
   50.75   32.46  161.40   0.0020000
  167.56  158.08 -176.98   0.0020000
  -51.64   29.32 -120.38   0.0020000
  161.17  153.25  -23.30   0.0020000
    7.99   18.76 -131.54   0.0020000
   47.41   30.15  135.92   0.0020000
 -125.88  116.28   32.48   0.0020000
  -54.46   32.77 -156.40   0.0020000
 -148.97  147.77   31.95   0.0020000
  111.99  132.84  112.10   0.0020000
   50.17   41.87  -47.24   0.0020000
   -2.78   26.76   21.63   0.0020000
   -3.23   32.17  134.69   0.0020000
  177.74  162.97  -14.13   0.0020000
 -127.86  152.82   77.72   0.0020000
    2.97   12.38   19.65   0.0020000
   91.69  100.78  -71.45   0.0020000
  -70.45   65.74 -125.54   0.0020000
   91.11   54.23  109.77   0.0020000
   -1.65   12.79  153.62   0.0020000
   78.77   80.00  -26.28   0.0020000
   83.09   37.50   18.83   0.0020000
  168.40  153.29 -175.70   0.0020000
  -24.44    7.69   91.32   0.0020000
  140.73  151.49 -148.16   0.0020000
  -60.58   34.69  -65.51   0.0020000
  -86.25   67.63   93.23   0.0020000
  158.62  148.43   55.89   0.0020000
  -49.34   32.63 -137.02   0.0020000
   30.16   31.89  132.04   0.0020000
 -170.56  149.09   47.75   0.0020000
   -1.45   29.55   -8.16   0.0020000
  -27.67   49.91   49.30   0.0020000
   39.36   28.01  129.38   0.0020000
   10.53   33.14   91.32   0.0020000
  -15.84   15.95   90.89   0.0020000
  -39.46   33.04 -167.64   0.0020000
  -17.41   23.58   14.23   0.0020000
   84.91  140.40  159.35   0.0020000
 -140.46  153.80   -3.37   0.0020000
   31.64   15.41 -119.88   0.0020000
  -31.17   39.15 -106.54   0.0020000
   53.09   44.02  179.15   0.0020000
 -142.28  150.72  -71.86   0.0020000
  170.48  168.32  -89.81   0.0020000
 -124.45  151.01   30.31   0.0020000
  -53.86   35.04   46.16   0.0020000
 -143.89  156.01  -16.35   0.0020000
 -163.21  133.29 -124.59   0.0020000
    1.20   24.38  164.32   0.0020000
   33.32   30.16  -23.37   0.0020000
 -157.54  152.70 -134.40   0.0020000
   25.33   23.48  -15.35   0.0020000
   22.90   16.14  -31.25   0.0020000
  118.66  129.80  132.82   0.0020000
  -53.53   28.13   93.60   0.0020000
  -99.93  105.85 -122.69   0.0020000
  124.98  142.45  126.06   0.0020000
 -178.11  160.17 -118.66   0.0020000
 -136.77  148.98   34.78   0.0020000
 -136.41  140.57   74.00   0.0020000
   32.28   26.05  106.63   0.0020000
 -176.52  160.11   -5.70   0.0020000
 -164.09  151.69   -9.84   0.0020000
  -66.06   67.56   54.37   0.0020000
  109.31  117.12  -57.29   0.0020000
   32.02   36.61   16.34   0.0020000
   -5.28   33.83   39.33   0.0020000
 -131.21  142.25  -80.04   0.0020000
