TEXTURE AT STRAIN =    1.0000
   1.645   1.645   0.363  <-- length of phase ellipsoid axes
   90.00   90.00    0.00  <-- Euler angles (deg) of phase ellipsoid axes
B      2000
   96.88   93.42  -15.44   0.0005000
  -92.01   91.84   36.50   0.0005000
  -91.10   87.23   25.86   0.0005000
   87.34   74.32  152.66   0.0005000
   78.25  110.50  116.44   0.0005000
  -81.78   91.07 -161.46   0.0005000
  105.34  114.90 -108.63   0.0005000
   91.90   94.28 -149.37   0.0005000
  106.84   93.89 -133.11   0.0005000
  -78.43   87.40  116.26   0.0005000
   87.09   91.25   10.79   0.0005000
  -83.10   88.12   77.53   0.0005000
  -99.79  109.60    3.42   0.0005000
  102.36   88.25 -159.21   0.0005000
  -93.90   92.39   31.34   0.0005000
   97.40  106.97 -132.32   0.0005000
   82.47   72.48 -132.81   0.0005000
  -78.22   90.15   83.59   0.0005000
   90.60   85.03   -1.37   0.0005000
   95.57   84.75   48.66   0.0005000
  -98.91   91.23  -96.59   0.0005000
   90.08   98.65  157.34   0.0005000
  -94.66   98.06 -179.45   0.0005000
  -95.01   82.97   99.07   0.0005000
   97.20   79.93  -73.85   0.0005000
   89.72   85.07  103.60   0.0005000
   89.67  107.45  136.73   0.0005000
  101.01   94.61   94.36   0.0005000
   90.04   79.94  -48.39   0.0005000
   98.45   90.10 -159.32   0.0005000
  109.86   99.31  -24.47   0.0005000
   87.29   82.60   -0.48   0.0005000
   94.30   85.06 -121.42   0.0005000
   87.66   78.53  169.82   0.0005000
   90.15   88.11  -30.40   0.0005000
  -81.66   90.68  160.76   0.0005000
   91.73  100.83  -97.45   0.0005000
   83.30   93.02  148.38   0.0005000
  -85.81  105.64  -80.22   0.0005000
   91.79   94.60  172.09   0.0005000
  -90.89   95.66   80.63   0.0005000
  -72.82   87.52  125.09   0.0005000
  -79.02   75.73  111.65   0.0005000
   60.76   78.23  -78.45   0.0005000
   85.04  103.79 -111.28   0.0005000
  -98.51   89.42   -0.22   0.0005000
  -92.62   78.91  -64.66   0.0005000
   82.15   93.23   92.16   0.0005000
 -102.14   86.66  102.26   0.0005000
  -87.90   84.38  -72.68   0.0005000
   93.13  101.43 -131.57   0.0005000
  -70.53  107.06   17.56   0.0005000
  -80.42   90.80  -58.59   0.0005000
  -87.00   96.28   80.77   0.0005000
   77.46   87.47  -79.66   0.0005000
  -98.52  114.96   69.56   0.0005000
 -104.07   94.42   77.33   0.0005000
  -97.19   88.34  -91.60   0.0005000
   84.46   92.91   56.70   0.0005000
  -84.53   93.32   92.38   0.0005000
   69.03   75.38  146.76   0.0005000
 -102.38   76.63 -135.19   0.0005000
  -93.75   96.44 -151.10   0.0005000
  -75.76   87.78  -55.10   0.0005000
  -76.02   73.43  111.33   0.0005000
   74.37   92.10    8.46   0.0005000
  100.07   70.71  127.30   0.0005000
   97.62   91.08  -64.53   0.0005000
  -85.69   91.10  135.65   0.0005000
  -80.28   84.40  -83.18   0.0005000
  -77.22   90.27  -67.78   0.0005000
  101.31   78.74  166.42   0.0005000
  -90.90   76.62 -168.96   0.0005000
   99.56   97.28   88.70   0.0005000
   81.98   92.85  128.60   0.0005000
   94.59   83.34 -157.27   0.0005000
 -107.00   78.80   25.18   0.0005000
  -96.82   92.96  129.07   0.0005000
  -99.18   79.58   45.75   0.0005000
  -93.58   80.87   55.90   0.0005000
   92.98   89.92  -39.60   0.0005000
 -118.07  102.31 -156.86   0.0005000
 -100.65   91.76    9.69   0.0005000
  -93.07   89.85  137.16   0.0005000
   78.39   94.00   87.64   0.0005000
   87.93   83.89  135.44   0.0005000
   77.12   93.85  -65.56   0.0005000
   86.92   80.64  101.57   0.0005000
   93.65   95.72  -93.88   0.0005000
   83.82   75.54    2.21   0.0005000
   92.07   86.35   53.27   0.0005000
 -110.67   79.50  -32.80   0.0005000
  -91.17   85.25  145.32   0.0005000
   89.08   89.27   78.79   0.0005000
  -85.08   87.10  -60.82   0.0005000
  -87.27   90.79  110.85   0.0005000
  -92.05   74.40  -88.21   0.0005000
  -85.95   86.29 -139.58   0.0005000
  -89.55   90.28  -48.55   0.0005000
   84.81   73.67  -12.38   0.0005000
 -103.50   92.25   53.87   0.0005000
  -91.77   87.67  -79.12   0.0005000
 -100.40   81.10 -167.66   0.0005000
  -80.53   79.08 -135.95   0.0005000
  -87.51   90.73  -62.07   0.0005000
   92.52   76.28  127.36   0.0005000
   80.17   83.97  -84.28   0.0005000
  -79.88   94.48  -83.33   0.0005000
 -104.93   90.56  -59.54   0.0005000
  -80.45  104.78 -148.94   0.0005000
   88.89   92.16   97.04   0.0005000
  -89.43   71.10  -92.99   0.0005000
  -92.13   79.86 -126.36   0.0005000
 -101.08   92.60 -117.27   0.0005000
   96.22   91.54  128.53   0.0005000
  105.87   89.22  -37.35   0.0005000
   87.34   93.17 -150.71   0.0005000
  108.64   99.20 -170.83   0.0005000
  -84.83  101.88  123.04   0.0005000
   80.10   88.84 -174.05   0.0005000
  -88.94   95.10 -149.91   0.0005000
  101.85   77.75  -77.98   0.0005000
   95.53   92.66   86.30   0.0005000
  -77.03   96.24   36.14   0.0005000
   95.85   84.91  -92.94   0.0005000
  -90.18  107.20  150.01   0.0005000
  -81.48   94.28 -152.81   0.0005000
   91.74   97.73  131.62   0.0005000
  -88.86   75.56  -32.99   0.0005000
   80.11   94.09   90.66   0.0005000
   92.14   75.08 -154.01   0.0005000
  -90.33   83.24   59.87   0.0005000
  -82.93  100.54 -116.96   0.0005000
  -91.30   85.86   46.61   0.0005000
  102.66   89.25 -172.59   0.0005000
  -84.19   86.77  -63.00   0.0005000
  -99.82   70.26  -14.82   0.0005000
 -103.31   96.11 -160.58   0.0005000
  -93.04   95.64 -132.71   0.0005000
   93.48   81.74   61.98   0.0005000
   85.57   76.28   18.44   0.0005000
   85.15   97.51   48.93   0.0005000
  103.39   84.67  -40.84   0.0005000
  -88.01   86.10  173.41   0.0005000
  -91.85   78.29  166.86   0.0005000
   92.86   84.28   91.19   0.0005000
   88.69   90.83 -136.84   0.0005000
  -95.75   98.88   63.41   0.0005000
   91.94   85.44  150.97   0.0005000
  -87.50   79.53  156.71   0.0005000
   77.03   88.52  -94.77   0.0005000
   94.07   89.96   79.70   0.0005000
  -78.04   90.91 -175.46   0.0005000
   88.46   98.73   24.28   0.0005000
  -86.68   84.91   77.25   0.0005000
  -82.15   86.36 -110.62   0.0005000
  -78.86  114.91  108.48   0.0005000
  111.78   85.55   36.02   0.0005000
  -92.74  101.34 -143.47   0.0005000
  -92.59   90.30 -137.50   0.0005000
   87.94   87.14  135.09   0.0005000
   81.45   92.85   98.78   0.0005000
   89.49   87.37 -172.17   0.0005000
   98.46   96.49  -71.68   0.0005000
  -84.09   94.52 -149.36   0.0005000
  -89.50   78.72  -26.33   0.0005000
   96.17   97.48  -96.83   0.0005000
   83.07   98.20  153.02   0.0005000
  -84.60   88.71 -146.66   0.0005000
  -79.47   88.65    7.48   0.0005000
  -86.63   88.11  174.95   0.0005000
   90.77   94.50  171.25   0.0005000
   88.76  101.10   71.41   0.0005000
   90.17   95.74 -143.54   0.0005000
  -86.72   84.00  -61.50   0.0005000
  -92.20   82.66  -82.73   0.0005000
   89.89   73.01   26.85   0.0005000
  -94.78   95.66  100.36   0.0005000
   94.15   95.88  172.99   0.0005000
  -76.82   93.44 -151.70   0.0005000
  -98.10   85.09  136.67   0.0005000
  -86.12   79.86  -61.80   0.0005000
   91.84   84.23   56.08   0.0005000
 -117.71   83.14 -131.16   0.0005000
   97.17   84.93  -27.39   0.0005000
   79.31  101.39  -14.67   0.0005000
  100.15   91.64  -15.59   0.0005000
  -90.56   76.00   90.06   0.0005000
   80.96   92.79 -169.35   0.0005000
  -96.22   72.07  116.38   0.0005000
   93.31   69.71  140.21   0.0005000
  -93.20   77.16 -136.47   0.0005000
   93.00   89.20    1.18   0.0005000
  -82.49   92.22  103.21   0.0005000
  -76.77   91.63  107.14   0.0005000
   80.21   88.42   50.92   0.0005000
   79.23   88.40  103.91   0.0005000
   95.94   85.26  -39.07   0.0005000
   93.58   77.29   10.63   0.0005000
   87.86   84.93 -142.78   0.0005000
  -80.13   88.06 -104.35   0.0005000
  -90.38   92.47   90.83   0.0005000
   74.73   91.37 -117.51   0.0005000
   92.01   89.48   88.67   0.0005000
   92.74   86.97  -36.39   0.0005000
  -84.35   96.18  131.47   0.0005000
  -82.61   95.50  -28.84   0.0005000
  -96.09   97.39  -45.94   0.0005000
  -95.50   89.03   89.30   0.0005000
   76.30   98.91  153.03   0.0005000
  -93.49   73.36   42.38   0.0005000
  -90.02   81.97  169.64   0.0005000
   85.73   83.78  160.90   0.0005000
   84.27   81.17 -158.28   0.0005000
   83.90   79.28   -9.94   0.0005000
   85.80   68.05  166.81   0.0005000
   97.15   89.59  -84.20   0.0005000
   77.65   83.95 -135.24   0.0005000
  104.29   87.04  131.14   0.0005000
   85.34   91.98  -26.24   0.0005000
   88.43   92.78  117.94   0.0005000
   79.98   90.00  -59.90   0.0005000
  -81.73   85.32  150.48   0.0005000
   92.72   86.24  -39.70   0.0005000
  -82.12  102.60  128.73   0.0005000
   83.39   95.35  -27.68   0.0005000
   87.32   98.02 -158.84   0.0005000
   93.56   92.06  -77.71   0.0005000
  -85.36   86.80  155.79   0.0005000
  -95.19   95.72 -126.68   0.0005000
  -94.44   87.97  121.93   0.0005000
   95.17   96.89  -91.42   0.0005000
  112.63   95.90  -78.63   0.0005000
   89.61   83.21  -69.17   0.0005000
  -84.65   92.67  133.95   0.0005000
  -83.73   90.96 -156.04   0.0005000
  -92.28   77.89  178.46   0.0005000
  -96.54   88.49  -28.14   0.0005000
  -84.39   97.29   52.79   0.0005000
   89.73   85.19   71.07   0.0005000
  -72.18   82.58   82.05   0.0005000
  -85.97   80.40    7.18   0.0005000
 -101.19   88.13   54.38   0.0005000
 -111.00   87.22   52.68   0.0005000
  114.36   87.33   67.52   0.0005000
  -93.07  104.47  141.92   0.0005000
 -105.02   94.99 -120.69   0.0005000
   94.72   97.95  -51.92   0.0005000
  -96.20   86.68 -124.14   0.0005000
  -90.56   83.23 -174.44   0.0005000
   84.36   92.46  -59.67   0.0005000
   85.48   93.32   -7.81   0.0005000
  -87.08   95.41   -5.42   0.0005000
   78.14   92.28  144.21   0.0005000
   96.35   99.70  124.53   0.0005000
  -93.88   72.19   42.35   0.0005000
   95.20   94.41   94.57   0.0005000
   87.69  103.91 -174.68   0.0005000
   89.89   82.55 -169.58   0.0005000
  -85.76   73.82 -104.65   0.0005000
   85.25   79.05 -179.91   0.0005000
  -82.47   91.80 -143.55   0.0005000
   82.91   77.27 -175.55   0.0005000
   82.07   85.90  134.01   0.0005000
   80.80   97.33  103.72   0.0005000
   88.75   86.12  -90.31   0.0005000
 -103.74   88.00 -132.05   0.0005000
  -70.58   85.58 -119.19   0.0005000
  -80.81   88.82  125.22   0.0005000
  -75.92   92.32 -139.50   0.0005000
  -91.85   86.51   74.66   0.0005000
   80.18   95.75  -30.79   0.0005000
 -102.27   90.50  162.22   0.0005000
  -88.70   87.10 -121.88   0.0005000
   84.83   91.40 -175.51   0.0005000
   97.00   90.10  122.43   0.0005000
  -88.31   92.44 -104.97   0.0005000
  107.52   80.81   14.32   0.0005000
 -104.91   71.51   16.82   0.0005000
  -84.71  100.63  140.35   0.0005000
   74.98   78.85   26.34   0.0005000
   85.61   96.62 -102.23   0.0005000
   87.82   93.92  -80.65   0.0005000
  178.43   35.86    3.78   0.0005000
  101.69   87.72 -157.83   0.0005000
  -86.55   98.01   99.90   0.0005000
   76.12   61.74 -128.23   0.0005000
  -89.73   97.26  126.27   0.0005000
   84.32   90.19  -68.15   0.0005000
  -96.54   86.01 -140.29   0.0005000
  -91.21   82.75 -137.35   0.0005000
   85.94   88.61   57.03   0.0005000
  -83.22  101.99   91.66   0.0005000
 -100.26   90.27  -65.27   0.0005000
 -104.09   98.79  -86.17   0.0005000
   84.52   87.03 -138.17   0.0005000
   88.77   96.21   63.09   0.0005000
   84.76   96.26   -5.83   0.0005000
   80.51   68.41  -62.99   0.0005000
  -74.31   97.29  159.09   0.0005000
  -85.59   80.84   85.12   0.0005000
  -93.70   78.78  -20.02   0.0005000
   82.58   97.70  -73.11   0.0005000
   80.33  105.29 -128.52   0.0005000
  -89.53   69.41   30.04   0.0005000
 -101.96   77.52  -53.92   0.0005000
  -86.20   81.78  -72.06   0.0005000
   82.38   90.00   60.81   0.0005000
  -87.33   79.93   76.88   0.0005000
  -82.45   92.59  131.92   0.0005000
   91.15   82.55  -91.69   0.0005000
  102.40   83.70    0.78   0.0005000
   85.86   95.05 -122.81   0.0005000
  -87.62   82.90  150.70   0.0005000
   84.03  101.21  161.22   0.0005000
  -85.95   95.78  -84.08   0.0005000
  -92.23  103.69  -43.91   0.0005000
  -79.63   90.59  -62.14   0.0005000
   84.05   84.78  -39.16   0.0005000
  -85.65   94.77   69.62   0.0005000
 -107.73   92.96 -172.93   0.0005000
  -66.03   86.15    4.06   0.0005000
  111.96   91.90  -70.64   0.0005000
  -90.42   91.51   19.20   0.0005000
   81.72   83.01 -149.70   0.0005000
   74.14   88.82 -116.19   0.0005000
   82.44   96.60  -54.20   0.0005000
   85.43   81.42  -50.78   0.0005000
   68.77   95.94   74.92   0.0005000
 -100.03  103.49   53.40   0.0005000
  -84.86   73.00 -170.50   0.0005000
  -93.63  100.70   94.28   0.0005000
   75.18   91.41   63.24   0.0005000
  -67.47   94.17  -12.69   0.0005000
  -91.81   88.29 -166.20   0.0005000
  -89.97  107.74  -70.46   0.0005000
  -85.53  110.24 -129.90   0.0005000
  -90.60   70.39   91.48   0.0005000
  -80.15   87.10   46.84   0.0005000
   91.03   84.92  -68.12   0.0005000
   81.46   90.85   77.92   0.0005000
  -79.87   94.67  -70.84   0.0005000
   90.60   82.26   70.97   0.0005000
  -89.28  102.29 -137.44   0.0005000
 -101.18   92.74   79.33   0.0005000
  -87.94   97.17  169.82   0.0005000
   71.06  104.65 -144.64   0.0005000
  -85.85   97.74 -112.45   0.0005000
  -91.38  102.27 -162.23   0.0005000
  -77.44  104.93 -119.64   0.0005000
  -96.38   87.99  174.30   0.0005000
 -101.30   91.44   27.72   0.0005000
   92.57   88.63 -131.11   0.0005000
  -85.54   72.25   77.79   0.0005000
  -95.10   87.92  166.75   0.0005000
   95.89   90.22 -119.13   0.0005000
  -79.40  104.77 -113.77   0.0005000
  -97.35   78.26    3.57   0.0005000
   91.04  100.89  165.15   0.0005000
  -88.90   94.21   79.72   0.0005000
   94.61   90.65  -95.70   0.0005000
 -111.97   94.42  -37.81   0.0005000
  -75.11   86.67   67.04   0.0005000
  -97.37   92.23    4.18   0.0005000
   92.10   86.02 -164.79   0.0005000
   86.98   86.44   14.15   0.0005000
   87.32  101.70  -34.67   0.0005000
  -85.91   98.50  128.90   0.0005000
   82.64   88.75  -19.76   0.0005000
   90.79   74.36  137.53   0.0005000
   87.67   86.84  -12.12   0.0005000
  -94.37  101.44  166.55   0.0005000
   85.50   95.46   28.54   0.0005000
  -82.43   83.50  155.43   0.0005000
  -86.01   85.29 -128.30   0.0005000
   97.96   92.60   27.55   0.0005000
   95.17   88.83  167.78   0.0005000
  -96.01   89.64  -67.39   0.0005000
   80.92   91.05 -146.42   0.0005000
   86.38   87.93   16.25   0.0005000
  -99.37   80.48  144.51   0.0005000
   99.47   99.79  -25.60   0.0005000
  -89.88   84.35  106.22   0.0005000
   82.26   92.81  -52.29   0.0005000
  -85.13   87.10   -9.32   0.0005000
  -80.17  102.19 -167.98   0.0005000
  100.95  109.05  -91.75   0.0005000
  114.97   74.21   34.12   0.0005000
   90.79   86.90   48.76   0.0005000
  -96.21   92.08  -80.35   0.0005000
  -95.43   92.17  112.28   0.0005000
   93.83   80.05 -175.69   0.0005000
  102.23   90.70  -14.11   0.0005000
   88.94   82.09    0.48   0.0005000
   94.78   84.58  131.96   0.0005000
  -97.49   90.77    5.41   0.0005000
  -98.85   87.56 -133.66   0.0005000
   95.20   89.92 -107.60   0.0005000
  -84.55  102.56   -1.60   0.0005000
  -95.42   84.50  -14.27   0.0005000
   82.91   92.94 -108.00   0.0005000
   95.97   81.46  120.38   0.0005000
   83.68   86.72   65.69   0.0005000
  -84.09   85.12  161.89   0.0005000
  -70.96  107.90   75.06   0.0005000
  -83.29   88.27  121.11   0.0005000
   92.16   91.16  -35.37   0.0005000
  -79.41   90.30 -129.53   0.0005000
  -90.35  103.20 -148.28   0.0005000
   76.17   92.64 -175.25   0.0005000
   77.87  109.59    8.01   0.0005000
 -105.11   93.69  135.61   0.0005000
   85.08   97.70  137.51   0.0005000
   94.40   84.26 -177.03   0.0005000
  101.49  102.48  -81.86   0.0005000
  -93.85   83.05 -131.34   0.0005000
  -83.04   64.09  141.75   0.0005000
  -96.93   85.01  166.14   0.0005000
  -85.02   96.56   30.38   0.0005000
   64.78  112.23 -140.10   0.0005000
 -111.67   94.06  128.54   0.0005000
   67.09   72.92 -155.95   0.0005000
  101.63   96.83  -90.60   0.0005000
  -86.96   82.88 -179.29   0.0005000
  -77.12   78.17   50.04   0.0005000
   89.53   83.89  144.72   0.0005000
   99.57   71.86   53.42   0.0005000
  -88.97   88.43  -29.89   0.0005000
  111.03  107.53   81.71   0.0005000
   92.84   88.71   25.34   0.0005000
   80.02   99.54   -1.18   0.0005000
  -86.90   86.21   -6.03   0.0005000
   84.83   63.63  -18.56   0.0005000
  -75.76   89.69   21.52   0.0005000
   92.79   81.40  -49.18   0.0005000
   60.02   82.79  -73.41   0.0005000
   89.40  100.06   91.62   0.0005000
   81.31   90.59  150.96   0.0005000
   96.03   80.49  175.43   0.0005000
   90.68  101.11   75.65   0.0005000
   89.13  102.68  -99.28   0.0005000
   66.47   85.90  124.81   0.0005000
   90.00   86.87  115.20   0.0005000
   81.51   89.47   57.76   0.0005000
  -82.84   86.87  -45.04   0.0005000
  -89.62   84.10 -130.82   0.0005000
  -92.40   86.37  113.10   0.0005000
 -103.16   75.83  -25.89   0.0005000
 -177.49   95.62  -53.35   0.0005000
  -93.80   73.89  168.35   0.0005000
  -84.88   90.84 -165.11   0.0005000
   86.04   87.47  -16.88   0.0005000
 -105.67   90.03  -64.56   0.0005000
   83.10   80.30  -28.33   0.0005000
 -111.46   81.59  169.72   0.0005000
  106.97   95.88 -146.15   0.0005000
  -80.84   86.19   -8.35   0.0005000
   81.13   90.04   42.27   0.0005000
 -103.63   83.98   36.39   0.0005000
  -88.25   92.18  -37.63   0.0005000
   91.61  100.46   64.22   0.0005000
   84.47   76.16  -27.64   0.0005000
   86.02  107.62  128.64   0.0005000
   69.00   84.78  167.97   0.0005000
   89.53   95.86   32.46   0.0005000
   91.62  108.20  167.12   0.0005000
  106.98   96.32 -106.89   0.0005000
  -85.26   94.76  178.33   0.0005000
  102.26   93.80  -73.89   0.0005000
  -71.46   85.96   72.61   0.0005000
   82.84   88.55  114.11   0.0005000
   91.36   88.71   65.31   0.0005000
  -92.14  100.83   24.46   0.0005000
   91.02   99.47  -39.60   0.0005000
  -84.63   92.23   56.39   0.0005000
  100.97   91.59 -106.49   0.0005000
   96.05   76.22    5.21   0.0005000
  -76.93   94.83   96.87   0.0005000
  -82.91   96.65   26.43   0.0005000
 -103.94   72.07  103.97   0.0005000
   88.25   99.50  -21.84   0.0005000
  -98.34   92.40 -111.90   0.0005000
  -87.57   93.27 -113.11   0.0005000
   88.92   78.37 -116.02   0.0005000
   85.10   91.20 -130.30   0.0005000
  -78.99   89.74 -127.48   0.0005000
  -93.09   80.07   44.52   0.0005000
   98.57   93.84 -124.28   0.0005000
  -82.01   90.50  -69.46   0.0005000
   94.36   88.88  141.42   0.0005000
  -82.01   86.54  -49.16   0.0005000
   82.15   95.00  -75.54   0.0005000
   88.44  102.32  156.59   0.0005000
  -78.91   96.68 -165.85   0.0005000
   92.58  104.08  156.92   0.0005000
  -85.95   94.75    9.74   0.0005000
   89.85   86.74  118.33   0.0005000
  -91.39  105.72  -85.47   0.0005000
   93.90  104.27  106.63   0.0005000
  -91.69   80.51  -14.31   0.0005000
  -76.68   73.04   -7.84   0.0005000
  -86.95   89.13  151.67   0.0005000
   83.24   87.04  -56.60   0.0005000
   91.32   83.29   27.42   0.0005000
   96.60   94.57   41.38   0.0005000
  -96.42   93.52   -7.21   0.0005000
  118.45   74.92   26.04   0.0005000
  -98.44   88.17  -73.68   0.0005000
  -94.52   81.47  -54.09   0.0005000
   84.94   96.48  -64.57   0.0005000
   77.88   93.24  125.26   0.0005000
  -90.44   98.31  -73.76   0.0005000
  -87.83   89.48   91.52   0.0005000
   79.19   87.27   -5.12   0.0005000
   80.00  101.38 -175.01   0.0005000
  -93.85   82.44  170.54   0.0005000
   76.79   95.74 -103.18   0.0005000
  -87.96   94.06  176.59   0.0005000
  -86.19   88.39 -164.68   0.0005000
   94.46   91.44  -76.50   0.0005000
   95.20   90.50  131.10   0.0005000
  -94.21   88.63 -127.25   0.0005000
  112.12   93.60  170.07   0.0005000
   78.45   92.58    3.25   0.0005000
  -88.53   85.72  -81.73   0.0005000
  -89.95   83.27  -82.23   0.0005000
  -76.25  106.00   92.29   0.0005000
  110.94  100.37  -22.56   0.0005000
  -74.38   82.74   81.66   0.0005000
   84.63   86.13  130.21   0.0005000
   79.35   92.44   64.01   0.0005000
  -88.58   80.13   15.84   0.0005000
  -95.61   86.40   84.84   0.0005000
  -84.98   94.14    3.53   0.0005000
   82.05   83.16 -119.18   0.0005000
  -88.06   87.71  -61.41   0.0005000
   74.48   93.55   91.14   0.0005000
  104.46   74.07  158.37   0.0005000
  -93.75  105.34   85.79   0.0005000
  -85.77   96.23  -69.29   0.0005000
   94.78   86.55   25.28   0.0005000
  -91.37   90.12  -20.41   0.0005000
   92.27   92.28   39.24   0.0005000
  -74.76   92.70   29.61   0.0005000
  -92.34   89.90  118.04   0.0005000
  -90.10   83.46   92.18   0.0005000
 -105.46   91.45   63.88   0.0005000
  -96.34   77.28    0.47   0.0005000
  -81.37   89.29  156.73   0.0005000
   84.73   95.16  169.44   0.0005000
 -105.28   94.05  -59.33   0.0005000
  -83.24   85.39  157.19   0.0005000
  -98.44   86.75   37.91   0.0005000
  115.26   98.88 -176.03   0.0005000
  -77.61   92.38   -2.86   0.0005000
  -82.89   77.19  175.78   0.0005000
   90.59   84.50 -174.51   0.0005000
 -101.69   84.76   27.22   0.0005000
  -85.99   78.27   67.29   0.0005000
  -86.49   80.60   18.26   0.0005000
 -107.58   84.08  109.48   0.0005000
  -95.39   84.56 -163.44   0.0005000
  -96.17   94.39  -46.29   0.0005000
  100.63   86.44  -45.90   0.0005000
   91.24   91.97 -161.16   0.0005000
   98.41  102.88 -121.79   0.0005000
   74.03   92.86   13.10   0.0005000
  -72.69   89.91  -39.44   0.0005000
   96.15   80.52  115.41   0.0005000
  -83.29   79.71  175.06   0.0005000
  -97.24   88.45  -40.84   0.0005000
   88.63  108.89  -34.21   0.0005000
   89.00   94.89 -127.84   0.0005000
   92.75   83.49  -36.36   0.0005000
  -77.48   93.40  -77.32   0.0005000
   84.81   87.71 -112.61   0.0005000
   80.15   89.57  -45.95   0.0005000
   90.47   95.00  -59.31   0.0005000
  110.72  108.40   27.75   0.0005000
  -95.34   88.72  102.91   0.0005000
  -97.08   85.30   89.15   0.0005000
   99.24   92.71  -83.19   0.0005000
   85.53   80.54   80.97   0.0005000
  119.09   71.15  -89.57   0.0005000
   84.73   86.25   38.28   0.0005000
  -80.73   78.24 -131.91   0.0005000
  -92.51   76.02   35.84   0.0005000
  -90.13   83.66  -78.76   0.0005000
   86.37   91.45    6.78   0.0005000
   93.06   97.56  152.23   0.0005000
 -100.12   81.99  136.30   0.0005000
 -101.25   72.87  -70.36   0.0005000
 -100.85   75.82  -15.50   0.0005000
  -86.72   93.25   78.73   0.0005000
  -85.93   93.05   55.57   0.0005000
   81.65   71.13  177.43   0.0005000
  -86.39   78.78  -97.58   0.0005000
  -80.55   96.18  -53.69   0.0005000
  -80.15   95.12   18.69   0.0005000
  -89.03   99.07  -96.70   0.0005000
  102.68   85.41   77.68   0.0005000
 -106.03   85.10  -14.66   0.0005000
  102.59   75.37   92.13   0.0005000
  102.06   85.34  128.16   0.0005000
  -77.59   85.02   84.60   0.0005000
 -100.42   77.73  177.86   0.0005000
  -90.28   81.67  -55.46   0.0005000
   83.79   96.91   66.81   0.0005000
   83.63  116.23  -96.52   0.0005000
  -96.26   78.64 -121.73   0.0005000
   93.14   89.90   92.95   0.0005000
  -90.52   97.86  -88.99   0.0005000
  -87.07   85.51  126.68   0.0005000
 -100.00   90.40   33.73   0.0005000
  -85.92   86.70  101.44   0.0005000
  -76.02  101.45   80.52   0.0005000
   98.49   95.90   51.65   0.0005000
  -91.95   96.17 -166.06   0.0005000
   92.84   90.55  -27.43   0.0005000
   88.72  112.74  -32.03   0.0005000
  -94.20   89.65 -172.56   0.0005000
   88.93   68.74   90.20   0.0005000
  -96.97   91.99    8.38   0.0005000
 -104.04   89.23   87.88   0.0005000
   78.95   79.60  -18.13   0.0005000
   93.39   84.41   -2.80   0.0005000
  -99.15   82.93 -109.75   0.0005000
  -95.58   86.68  -28.53   0.0005000
 -105.17   92.62 -110.82   0.0005000
   99.25  100.55  129.59   0.0005000
 -103.34   92.51  141.78   0.0005000
  -89.78   89.37  176.57   0.0005000
   80.81   96.20  172.27   0.0005000
  -96.22   85.59  -12.95   0.0005000
  -81.42  102.48  -54.04   0.0005000
   87.92   76.81 -163.94   0.0005000
   89.19   99.78  106.00   0.0005000
  -87.28   99.77  112.16   0.0005000
   84.08   97.79   43.44   0.0005000
  -91.61   99.13 -127.84   0.0005000
   85.77   87.17  175.25   0.0005000
   91.74   83.46  -59.86   0.0005000
  -87.63  118.67  156.65   0.0005000
   70.49  112.16  101.28   0.0005000
   95.83   95.12  113.62   0.0005000
   89.90   92.33  151.56   0.0005000
  -95.78   83.83   82.04   0.0005000
  -85.30   85.51  -54.71   0.0005000
   87.04  100.52 -121.30   0.0005000
  -91.82   98.17   41.67   0.0005000
  -98.12   82.28  -93.19   0.0005000
   81.25   84.90  -44.65   0.0005000
   98.27  104.77   53.58   0.0005000
  -90.18  101.51  153.90   0.0005000
  -99.31   71.80   17.18   0.0005000
   82.62   87.19   33.42   0.0005000
  -72.17  100.62 -154.12   0.0005000
  -87.15   83.54 -174.61   0.0005000
  -89.96   80.95  -31.99   0.0005000
   87.64   88.96  -78.09   0.0005000
   87.20   85.36  166.17   0.0005000
  -99.12   95.44   41.07   0.0005000
   92.14   80.64 -177.72   0.0005000
   91.14   84.95  -80.32   0.0005000
   77.02   75.12 -109.36   0.0005000
   94.10   86.67  110.84   0.0005000
  -79.42   95.85   37.61   0.0005000
  -90.43   90.86 -124.72   0.0005000
  -74.98   96.56   16.10   0.0005000
  -87.56   92.74 -151.47   0.0005000
   87.01   99.89   69.87   0.0005000
  -85.84   93.91  132.84   0.0005000
  -95.08   83.20  -99.79   0.0005000
   95.84   96.52 -144.91   0.0005000
   61.25  103.61  -97.79   0.0005000
  -98.88   93.69   10.52   0.0005000
   83.43   85.22   42.68   0.0005000
  100.02   80.48  160.81   0.0005000
   79.43   88.99  100.88   0.0005000
   83.75   86.10  164.53   0.0005000
   86.83   98.87   79.90   0.0005000
   83.49   93.68  -11.92   0.0005000
 -104.24   97.86 -173.81   0.0005000
  -94.77   89.04 -142.01   0.0005000
  -83.73   92.54  -94.30   0.0005000
   86.16  101.34  136.04   0.0005000
  -86.19   92.51  -13.13   0.0005000
  -98.06   93.21  -19.65   0.0005000
  -83.22   81.78  113.03   0.0005000
   91.90   84.62 -104.31   0.0005000
  101.75   64.05 -116.81   0.0005000
  -64.72   91.45  177.05   0.0005000
  -88.75   92.40  162.45   0.0005000
   84.11   84.84 -167.06   0.0005000
  -95.29   83.71   68.15   0.0005000
  -85.92   80.62  125.96   0.0005000
  -91.37   93.19   99.63   0.0005000
   85.65   86.98 -171.64   0.0005000
  -85.78   94.59   57.46   0.0005000
  101.12   90.14  -71.57   0.0005000
   85.24  102.42 -110.15   0.0005000
   76.26  104.09  -74.69   0.0005000
 -110.22   87.51  -68.29   0.0005000
  -87.25   90.10   99.53   0.0005000
   84.58   80.83  -36.93   0.0005000
  -78.05   86.86   39.21   0.0005000
   80.29   98.71   39.23   0.0005000
  -90.93   97.13 -127.20   0.0005000
  -87.57   88.82  136.73   0.0005000
  -86.07   93.86  109.95   0.0005000
  -87.67   90.06   93.94   0.0005000
  -90.67   96.57  -26.39   0.0005000
   88.52   99.22   27.85   0.0005000
  -89.30   83.92  -91.00   0.0005000
  -90.24   78.24  163.84   0.0005000
  -87.68   91.72  -21.35   0.0005000
   82.37   63.48  114.58   0.0005000
   95.42   88.65  110.46   0.0005000
   85.05   86.93 -119.18   0.0005000
  -87.54   93.04   87.59   0.0005000
   94.97   93.03  -31.87   0.0005000
  -89.59   94.07 -142.10   0.0005000
  -89.54   83.22  -32.66   0.0005000
  -95.65  101.98  119.12   0.0005000
  -83.36   91.96 -127.43   0.0005000
  -88.18   94.88 -163.77   0.0005000
   88.95  107.09  -89.75   0.0005000
   71.78   94.59   96.59   0.0005000
   87.46   86.88  -33.45   0.0005000
   68.18   78.78  -87.52   0.0005000
  -86.05   74.04   78.93   0.0005000
 -106.72   76.29 -159.26   0.0005000
  -82.35   73.80   44.53   0.0005000
   78.50   91.90  125.32   0.0005000
   84.36   98.48  -56.45   0.0005000
 -101.44   70.14  -58.70   0.0005000
   99.15   92.49   74.06   0.0005000
  101.60   96.03  150.54   0.0005000
  100.31   95.77   30.86   0.0005000
  100.09   89.44  120.22   0.0005000
  -93.90   91.04  158.13   0.0005000
  -88.17   83.92  -84.23   0.0005000
  -87.46   90.15 -160.17   0.0005000
  -94.67   99.51  115.63   0.0005000
  -97.24   93.86  -76.27   0.0005000
   90.08  101.68   96.11   0.0005000
  -97.36   71.94 -171.89   0.0005000
  -92.25   88.77 -168.61   0.0005000
  -83.00   92.39  159.75   0.0005000
   87.98   85.11 -167.59   0.0005000
   95.78   85.86   46.00   0.0005000
   65.49   86.28 -128.26   0.0005000
  -98.04   77.87 -171.74   0.0005000
 -105.50   97.99   30.52   0.0005000
  -90.70   96.56  102.78   0.0005000
   90.79   88.70 -164.98   0.0005000
  -88.66   82.47  -70.26   0.0005000
  -76.12  101.61  -44.10   0.0005000
   76.86   98.30   30.37   0.0005000
  -93.60   80.71 -172.11   0.0005000
   84.50   90.04 -155.97   0.0005000
   86.40   93.45  -98.07   0.0005000
  -99.98  100.57  167.12   0.0005000
   98.37   88.07   12.20   0.0005000
  -97.64   76.49    0.53   0.0005000
  -91.06   77.32 -144.64   0.0005000
  -91.60   93.80  167.55   0.0005000
   76.44   93.71  137.04   0.0005000
   91.93   83.75  167.40   0.0005000
  -87.47   84.51  109.02   0.0005000
   82.25  104.97  -95.91   0.0005000
   98.10   78.05  177.85   0.0005000
   84.50   89.37  -23.58   0.0005000
  -95.01   91.89   96.29   0.0005000
  -86.98   78.64  152.08   0.0005000
   79.73   99.11 -134.55   0.0005000
   86.36   94.04  170.87   0.0005000
   95.04   93.28  158.60   0.0005000
   89.03  102.89 -115.46   0.0005000
   85.74   83.98  134.65   0.0005000
   94.04   85.11  -83.01   0.0005000
   86.36   98.38   72.09   0.0005000
  -96.19   82.12  170.65   0.0005000
   85.65   85.97  -40.33   0.0005000
   88.82   82.44   71.61   0.0005000
  -86.38   82.54 -160.68   0.0005000
  103.38   74.06   52.73   0.0005000
 -112.98   83.84 -124.74   0.0005000
   88.87  103.66   51.82   0.0005000
  -89.93   77.45  147.95   0.0005000
  -66.86   99.02   38.57   0.0005000
   97.62   88.39 -126.12   0.0005000
 -103.61   95.04   77.25   0.0005000
   85.22   98.11  -89.28   0.0005000
  101.02  103.36 -160.17   0.0005000
   86.76   84.11  176.61   0.0005000
 -101.60   98.31  -47.33   0.0005000
 -107.18   86.89  154.78   0.0005000
  -90.80   99.58 -143.47   0.0005000
  -83.77   91.25 -127.98   0.0005000
   93.14   87.82  102.43   0.0005000
  -87.84   84.38  -10.09   0.0005000
  102.44   90.63 -139.12   0.0005000
  -86.76  103.25   44.67   0.0005000
  -83.11   74.57 -161.71   0.0005000
  -88.12   80.11 -103.15   0.0005000
   96.72   91.53  155.40   0.0005000
  -94.26   90.64  -15.89   0.0005000
   95.57   92.83  -42.73   0.0005000
 -103.17   82.03   27.44   0.0005000
   98.62  104.52 -175.02   0.0005000
  -92.20   80.52 -132.76   0.0005000
  -93.04   82.69  162.33   0.0005000
  102.70   79.98  -25.79   0.0005000
   87.77  103.50   26.22   0.0005000
   84.57   97.18 -122.59   0.0005000
   73.43   91.52 -113.97   0.0005000
   82.62   95.98  114.03   0.0005000
   85.57   93.44  -67.25   0.0005000
   92.63   84.64 -156.39   0.0005000
 -102.24   83.11  -93.32   0.0005000
  -82.63   99.18 -104.27   0.0005000
   87.63  103.14   68.96   0.0005000
   84.40   98.70   -4.09   0.0005000
   91.16   79.51 -125.39   0.0005000
  -83.19   92.88   80.55   0.0005000
   86.22   89.17   90.87   0.0005000
   90.69  104.89 -155.01   0.0005000
  -78.29   78.66   41.79   0.0005000
  -96.40   92.61   46.54   0.0005000
 -104.37   91.98 -171.17   0.0005000
  -83.37   98.38  132.86   0.0005000
   77.73   93.54  -97.55   0.0005000
   81.31   86.54   97.76   0.0005000
  -97.03   98.28  175.74   0.0005000
   70.21  102.49  134.31   0.0005000
 -108.49  101.90  151.93   0.0005000
  -90.10   92.02   20.15   0.0005000
   97.91   90.19  -63.04   0.0005000
   92.72   83.57 -150.41   0.0005000
   77.79   97.20 -137.99   0.0005000
  105.45  101.05   57.44   0.0005000
  -88.23   87.81   53.12   0.0005000
  -92.09   92.02  167.66   0.0005000
  -92.62   91.97    6.69   0.0005000
   79.40   88.16  160.64   0.0005000
  -81.75  102.07  111.51   0.0005000
  -99.79  102.48   -4.65   0.0005000
  -95.33   79.94 -156.30   0.0005000
   69.77   98.20   75.12   0.0005000
  -94.03  101.42  -97.73   0.0005000
  106.64   96.27  161.91   0.0005000
  -92.33   83.84  109.02   0.0005000
   93.34   92.76 -123.44   0.0005000
  -84.56   84.89  -31.68   0.0005000
  -83.98   97.34  -66.11   0.0005000
  -77.28   82.07  -26.27   0.0005000
   78.98   86.68  105.29   0.0005000
  -95.21   81.15  118.48   0.0005000
  -89.07   96.54 -175.45   0.0005000
  -96.78   85.39   97.43   0.0005000
   90.83   80.90 -140.08   0.0005000
   80.98   87.41   57.94   0.0005000
  -89.15   82.68  126.14   0.0005000
   84.26   84.64  101.61   0.0005000
   89.90   95.71   24.43   0.0005000
 -102.90   92.17  -86.64   0.0005000
  110.22   93.74   -2.01   0.0005000
   87.59   89.05  147.27   0.0005000
  -83.94  102.96  119.48   0.0005000
 -101.23  102.09 -132.30   0.0005000
  -84.56   96.47   43.79   0.0005000
   78.48   86.20  -11.13   0.0005000
   91.61   76.94  -83.90   0.0005000
   89.73   86.42   49.14   0.0005000
  -95.92   81.71  -54.16   0.0005000
   95.48   90.03 -115.68   0.0005000
  -92.91   90.82  131.76   0.0005000
   90.77   99.47  153.73   0.0005000
   85.08   91.99  -25.84   0.0005000
 -106.03   68.39    1.89   0.0005000
  -73.15  111.00   69.70   0.0005000
  -87.89   88.12  168.96   0.0005000
   91.83   97.42   99.22   0.0005000
   85.28   93.59   44.64   0.0005000
  -88.18   76.66   91.52   0.0005000
  -90.98  101.80 -129.28   0.0005000
  -92.09  102.31   21.03   0.0005000
   85.39   82.12   79.49   0.0005000
 -106.15   88.73 -168.19   0.0005000
   94.61   91.37  146.97   0.0005000
  -77.80  110.49   77.82   0.0005000
  -87.53   88.31  112.74   0.0005000
  -83.16  101.02   78.85   0.0005000
  -82.58   87.05 -104.40   0.0005000
  102.94  103.08  -47.15   0.0005000
  -82.54   91.57  -64.64   0.0005000
   94.06   92.31  -77.43   0.0005000
   85.18   76.77  -29.23   0.0005000
   91.07  101.13  151.64   0.0005000
  -88.80   80.96 -159.07   0.0005000
  -86.81   88.99  -88.61   0.0005000
   66.78   91.99   90.60   0.0005000
   92.17   77.49   83.31   0.0005000
 -105.96   99.94 -142.02   0.0005000
  -67.34  112.53  -44.40   0.0005000
   83.42   97.13 -115.28   0.0005000
   84.64  100.76 -107.03   0.0005000
   84.73   67.12  111.25   0.0005000
   96.71   85.57  -11.56   0.0005000
   97.25   85.76 -136.28   0.0005000
  -88.41   88.20  136.21   0.0005000
  -84.83   95.72  -85.69   0.0005000
  -64.18  102.45 -141.83   0.0005000
  -94.86   91.57 -177.84   0.0005000
  -83.03   73.67  -51.85   0.0005000
   93.96  103.39  170.12   0.0005000
 -101.27   93.32  -38.55   0.0005000
  -97.16   87.32  100.06   0.0005000
   79.52   95.45   93.46   0.0005000
   94.60   82.48   68.10   0.0005000
   84.65   89.96 -142.86   0.0005000
   85.07   87.48  -60.73   0.0005000
  -88.21   94.51  110.72   0.0005000
   85.96   91.08  118.95   0.0005000
   91.40   80.12  146.18   0.0005000
   97.26   87.88   27.54   0.0005000
   87.70   85.75 -156.84   0.0005000
   87.87   83.18  146.31   0.0005000
 -104.08   88.74   57.58   0.0005000
   79.78   91.13   11.04   0.0005000
  101.51   88.12 -118.26   0.0005000
   75.57   83.79   38.97   0.0005000
  -99.27   87.35  -84.88   0.0005000
   80.21   79.75  111.56   0.0005000
   98.24   93.44 -168.52   0.0005000
   92.56   92.40  123.56   0.0005000
  -96.76   86.49  -12.43   0.0005000
  -77.71   94.43   48.12   0.0005000
  -80.21   95.41 -174.57   0.0005000
  -82.28  101.91   62.50   0.0005000
  100.76   87.73  -36.33   0.0005000
   89.48   77.79  149.99   0.0005000
  -87.73   89.61  119.50   0.0005000
  100.72   84.07  -21.53   0.0005000
  -83.28   98.98   14.93   0.0005000
  -82.15   87.12   21.74   0.0005000
 -112.11   65.12   77.01   0.0005000
   91.90   94.96   67.67   0.0005000
   97.35   87.81  100.35   0.0005000
  -96.67   83.10   18.95   0.0005000
  -91.38   87.06  169.89   0.0005000
  -81.30  102.33 -175.55   0.0005000
   89.00  102.38 -152.07   0.0005000
  -84.90   89.15  -55.92   0.0005000
   87.34   87.66   60.69   0.0005000
   90.40  104.23 -121.62   0.0005000
  -77.89   83.21  -75.27   0.0005000
 -103.21   96.13   96.64   0.0005000
   91.52   78.05   86.16   0.0005000
 -102.82   99.13 -179.18   0.0005000
   83.81   92.59  -69.77   0.0005000
  -87.79   81.21 -156.38   0.0005000
  -86.54   86.20   20.85   0.0005000
   84.45   95.57  100.76   0.0005000
   85.72   95.30  107.64   0.0005000
  -76.90   94.81   97.93   0.0005000
   98.41   94.03  -95.16   0.0005000
   94.51   98.31 -158.36   0.0005000
   95.69   92.35   20.29   0.0005000
  -83.41   91.08   26.54   0.0005000
  -81.38   95.21 -151.96   0.0005000
  -94.14   95.91   -3.92   0.0005000
  -94.99   89.10  -48.62   0.0005000
  -94.85  108.38 -120.28   0.0005000
  -87.16   85.64 -148.70   0.0005000
   68.95   80.76  153.94   0.0005000
  -94.92   84.83  -79.47   0.0005000
   75.72   80.82  176.18   0.0005000
   79.84   96.58   69.82   0.0005000
 -101.82   88.57   19.12   0.0005000
  -70.45  101.30   90.52   0.0005000
   91.17  101.65  170.70   0.0005000
   90.38   91.93  -19.10   0.0005000
  -81.74  100.54 -172.91   0.0005000
   95.84   85.40 -160.27   0.0005000
   91.00   90.06  -51.91   0.0005000
  -91.08   95.78   60.22   0.0005000
   95.75   81.57  -94.79   0.0005000
  -95.03   97.87   49.65   0.0005000
  -82.95   91.87  170.33   0.0005000
  104.55   88.99  110.61   0.0005000
   89.48   81.58  -34.61   0.0005000
  -98.29   92.63 -138.68   0.0005000
  -93.82   81.06   14.65   0.0005000
 -104.70   91.58 -122.38   0.0005000
 -100.80   97.21   54.85   0.0005000
   74.77  114.66  176.13   0.0005000
  -88.22   93.27 -138.63   0.0005000
  -67.22   83.98 -163.70   0.0005000
   89.13   85.43  -41.59   0.0005000
  -84.00   88.37 -119.93   0.0005000
  -80.25   91.88  102.97   0.0005000
  -96.26   93.95 -128.16   0.0005000
   87.53   66.77   15.53   0.0005000
  -97.93   93.00  -95.21   0.0005000
   78.55  108.39    7.69   0.0005000
   80.44   94.13 -158.11   0.0005000
   89.76   88.73  -78.94   0.0005000
 -102.54   70.51    3.66   0.0005000
   99.17   94.80 -154.49   0.0005000
   79.48  107.26  174.86   0.0005000
   82.06   98.25  160.15   0.0005000
   76.38   84.06 -144.03   0.0005000
   86.73  100.83  160.02   0.0005000
  102.81   99.13  -85.56   0.0005000
  -93.68  105.79   13.75   0.0005000
   97.79  105.74   -4.78   0.0005000
  -71.30   71.07  -79.45   0.0005000
   73.30   96.67 -163.32   0.0005000
   81.25   88.71  113.42   0.0005000
  103.20   87.32   25.80   0.0005000
   77.84   95.81 -155.05   0.0005000
 -100.67   96.61  -19.24   0.0005000
  -85.69   91.26   -8.31   0.0005000
  -99.29   96.31  -44.37   0.0005000
  102.00   96.78  -31.81   0.0005000
   83.86   89.90   -9.74   0.0005000
  -95.80   87.65  164.01   0.0005000
  -98.09   77.65  112.99   0.0005000
   88.46   91.67   99.04   0.0005000
  102.38   86.13 -160.47   0.0005000
   96.38   80.86  123.74   0.0005000
   98.66   89.30   20.69   0.0005000
   88.84   97.89   35.75   0.0005000
  -85.14  104.39  -80.77   0.0005000
 -106.65  109.21 -133.03   0.0005000
  -95.98  100.72   14.75   0.0005000
  -95.54   90.63  -48.15   0.0005000
   90.73   83.67  120.56   0.0005000
  -78.64   97.38  -33.87   0.0005000
 -112.33   86.34   -9.20   0.0005000
  -88.74   93.69   19.41   0.0005000
   78.33   80.63  130.18   0.0005000
   97.60   89.25  -39.29   0.0005000
   99.05   87.38   38.24   0.0005000
   93.57   97.34   72.74   0.0005000
   96.66   94.48   68.47   0.0005000
  -96.09   83.45   64.37   0.0005000
  -82.42   84.89 -150.88   0.0005000
  -74.02   88.50   71.36   0.0005000
  -85.43   82.22  127.02   0.0005000
   93.72   82.96 -173.70   0.0005000
   78.62   82.33  139.15   0.0005000
   91.59   93.10  130.28   0.0005000
  -88.16  101.90 -104.73   0.0005000
  -83.41   94.63 -136.31   0.0005000
   88.88   87.44   26.22   0.0005000
  -74.79   87.12  136.17   0.0005000
   77.72   77.54 -168.99   0.0005000
  -84.55   90.17    2.44   0.0005000
  -79.89   92.46 -102.46   0.0005000
   85.44   83.60  -46.82   0.0005000
  -88.72   85.21  148.53   0.0005000
  -93.08   88.70 -150.58   0.0005000
   95.13   85.85   64.87   0.0005000
   58.54   87.58  178.27   0.0005000
 -102.90   84.02  -32.56   0.0005000
  -81.38   77.44 -115.10   0.0005000
  -81.31  101.03   82.32   0.0005000
   74.82   89.41 -105.57   0.0005000
   85.84   91.45   36.99   0.0005000
   92.80   84.54 -161.89   0.0005000
  -88.91   87.32  -37.52   0.0005000
   79.23   99.67  167.32   0.0005000
  -90.81   81.72    8.79   0.0005000
   83.50   91.62  -82.38   0.0005000
 -106.54   80.13   30.92   0.0005000
  -94.54   87.63   -0.89   0.0005000
  -90.94   73.47   36.63   0.0005000
   95.14   96.24 -115.43   0.0005000
   88.91   74.63  -22.93   0.0005000
   77.63   80.74  -89.03   0.0005000
 -100.96   82.93  158.38   0.0005000
  -98.29   97.39 -151.26   0.0005000
   81.03  106.23  176.81   0.0005000
  -95.56   80.48 -131.58   0.0005000
  -93.74   86.16  -76.70   0.0005000
  -95.19   89.53  118.46   0.0005000
  -79.27   96.99  155.56   0.0005000
  -90.38   94.70  -54.50   0.0005000
 -101.33   74.67   71.50   0.0005000
  -82.71   76.62 -115.34   0.0005000
   81.32   93.13  105.46   0.0005000
   90.57   95.15   -1.53   0.0005000
  -81.80   91.29 -153.34   0.0005000
   91.89   72.44   20.84   0.0005000
  -75.51   85.36  -95.66   0.0005000
   94.80   89.34   99.27   0.0005000
  -91.87   84.65   26.31   0.0005000
   88.34   95.77 -131.89   0.0005000
  -91.43   83.36    2.72   0.0005000
   86.91   90.61  136.75   0.0005000
   92.89  100.70 -106.47   0.0005000
   98.62   85.87 -152.23   0.0005000
   77.14   95.82   14.05   0.0005000
  -78.93   93.43 -142.06   0.0005000
 -100.55   80.23  -42.43   0.0005000
   82.29   79.33  178.59   0.0005000
   86.93   95.45 -100.99   0.0005000
  -99.04   87.88  -15.82   0.0005000
  -97.12  100.94   98.92   0.0005000
   82.49   98.95  -91.14   0.0005000
  -96.08   92.39   64.59   0.0005000
   97.20   83.04  162.17   0.0005000
  -89.67   93.97 -129.91   0.0005000
  -83.00   96.64  152.30   0.0005000
   83.27   99.08   48.92   0.0005000
   79.89   87.35  143.04   0.0005000
  -95.47   81.88 -106.15   0.0005000
  -74.87   80.32   10.38   0.0005000
  -90.45   94.67  -99.83   0.0005000
  -93.10   84.61  -97.43   0.0005000
   94.00   89.59  -81.31   0.0005000
  -97.24   74.67    9.72   0.0005000
  -81.69   84.52  115.98   0.0005000
  -97.01   90.60   49.41   0.0005000
  -97.63   71.17  111.85   0.0005000
  -96.84  100.06  107.64   0.0005000
   86.66  102.79  126.77   0.0005000
   88.67   92.85   49.32   0.0005000
  -59.11   90.25  122.66   0.0005000
   89.91   92.71  143.62   0.0005000
  -79.28   90.53 -136.01   0.0005000
   63.52   86.39  -71.11   0.0005000
  -95.37   89.36  -64.02   0.0005000
  -75.63   96.28  -85.12   0.0005000
   90.20  104.84   28.10   0.0005000
   94.10   93.48    1.22   0.0005000
   84.83   91.15  -82.44   0.0005000
  -93.90   85.78  159.92   0.0005000
  -87.03   70.66   22.48   0.0005000
  100.95   75.35  174.10   0.0005000
  -98.60   88.47  -62.10   0.0005000
   92.03   86.74 -141.06   0.0005000
  -95.00   93.58  126.14   0.0005000
   87.08   98.86  117.51   0.0005000
   95.84   89.05   -0.94   0.0005000
   74.51   83.44  -55.00   0.0005000
  -84.67   98.95  -39.76   0.0005000
   99.87   78.45  -12.40   0.0005000
   95.77   87.24  -42.53   0.0005000
   76.91  109.06  175.89   0.0005000
   86.26  103.34  -49.12   0.0005000
   93.85   83.54   70.16   0.0005000
  -93.60   81.81 -100.17   0.0005000
   88.63   92.81  131.66   0.0005000
   90.94   93.11   30.27   0.0005000
  103.28   90.69    1.55   0.0005000
  -93.70  101.31   79.77   0.0005000
  -93.97   88.88    0.81   0.0005000
   92.21   92.28   51.12   0.0005000
   79.16   91.27  132.43   0.0005000
  -85.77   89.47  -64.82   0.0005000
   94.73  112.14  -74.57   0.0005000
   85.18   92.66  -96.94   0.0005000
   84.97   94.42 -121.59   0.0005000
   91.98   93.25   53.57   0.0005000
   96.26   79.95   -9.39   0.0005000
   98.02   85.99   97.22   0.0005000
  -77.20   87.07   77.09   0.0005000
   81.95   88.87   98.02   0.0005000
   80.29   99.72   44.67   0.0005000
  -93.74   84.40  -75.60   0.0005000
   90.88   81.67 -141.68   0.0005000
   69.66   97.18 -159.57   0.0005000
  -96.95   90.92  -64.62   0.0005000
   87.59   75.97  -83.25   0.0005000
   95.05   87.58  113.14   0.0005000
   80.44   89.79  -62.49   0.0005000
  -89.99   79.23  127.16   0.0005000
   96.34   98.02   99.28   0.0005000
 -102.96   88.22   52.27   0.0005000
   82.35   92.29  -53.10   0.0005000
   86.05   90.04   45.52   0.0005000
  -84.40   84.77 -143.59   0.0005000
   97.93   89.90  -43.02   0.0005000
  -81.02   90.41 -173.61   0.0005000
  -80.74   88.64  -74.10   0.0005000
  -95.12   90.46   79.74   0.0005000
  -97.17   97.16   95.13   0.0005000
  -84.77   98.65 -143.77   0.0005000
  101.67   86.68  -93.09   0.0005000
   91.28  101.59  -77.98   0.0005000
   96.53   86.57  -30.45   0.0005000
   91.21   70.11  -39.78   0.0005000
  -87.72   87.11 -161.99   0.0005000
   96.88   82.48 -129.78   0.0005000
  -89.98   74.59  -75.49   0.0005000
  -84.24   90.56  -46.82   0.0005000
   93.91   95.67  169.32   0.0005000
   77.06   78.97   74.28   0.0005000
  -93.84   84.11 -121.78   0.0005000
  -94.95   95.10 -179.17   0.0005000
  -79.09   97.28   50.98   0.0005000
   91.21   84.70  121.89   0.0005000
  -97.13   97.15   48.61   0.0005000
   92.74   95.04  -39.18   0.0005000
  -83.31  106.95  171.01   0.0005000
   75.80   92.68 -167.88   0.0005000
  -85.11   87.90   95.43   0.0005000
  -82.02   84.17 -142.13   0.0005000
  -81.66   93.13  110.09   0.0005000
  -95.02  100.30  166.78   0.0005000
   87.17   83.94 -108.47   0.0005000
  -93.40   80.41  -74.83   0.0005000
  -94.31  110.16   81.70   0.0005000
 -102.79   66.50 -119.36   0.0005000
  -84.95   72.62 -168.33   0.0005000
   93.66   84.34   83.95   0.0005000
  -81.18   74.53  179.61   0.0005000
   95.10   86.08  -93.95   0.0005000
  -87.08   88.38   36.55   0.0005000
  -96.22  105.78  -48.22   0.0005000
  -95.26   88.01   78.96   0.0005000
  -92.13   85.69  121.00   0.0005000
   77.64   78.42 -106.85   0.0005000
 -112.18   79.64  -85.90   0.0005000
   93.49   80.39 -135.43   0.0005000
   91.81   94.33  -42.96   0.0005000
   95.06   97.55  -40.17   0.0005000
  -93.21   74.60   42.59   0.0005000
  -85.48   90.31 -147.55   0.0005000
   76.13   88.61 -129.30   0.0005000
  111.08  126.39  124.59   0.0005000
   79.78   80.01 -168.68   0.0005000
  -93.51   87.10 -138.83   0.0005000
  -78.08  100.35  140.16   0.0005000
  -84.78   90.27  -85.58   0.0005000
   86.30   86.41  -35.93   0.0005000
   84.92   91.45   17.47   0.0005000
   88.66   86.72  -47.84   0.0005000
   92.21  103.69  -69.04   0.0005000
  101.88   73.95  170.76   0.0005000
  -90.94  104.37 -155.02   0.0005000
   94.30   92.91  -21.82   0.0005000
  -89.93   93.32 -132.14   0.0005000
   99.79   87.87   -4.27   0.0005000
  -96.11   97.95  -37.85   0.0005000
  -90.73   98.17   64.32   0.0005000
   92.82   91.33 -170.95   0.0005000
   91.34   83.52  -71.24   0.0005000
   91.50   87.53   37.56   0.0005000
  -94.42   92.85 -114.40   0.0005000
   92.59   86.43  144.82   0.0005000
   96.99   96.28 -112.26   0.0005000
  -87.76   80.15 -161.27   0.0005000
   86.65   88.05   69.27   0.0005000
   98.03   80.78  173.29   0.0005000
  -79.45   93.44 -124.69   0.0005000
  -96.75  100.60  178.01   0.0005000
  -82.91  104.19  110.72   0.0005000
   89.33   95.18  129.61   0.0005000
  -79.50   90.36  -67.58   0.0005000
   95.57   90.50  -18.32   0.0005000
   84.97  101.23  -80.09   0.0005000
  -81.08  101.65 -167.18   0.0005000
   84.52   86.30 -143.10   0.0005000
   78.00   81.21  -34.27   0.0005000
  101.27   93.50    1.21   0.0005000
   88.36   88.20 -144.22   0.0005000
   90.20   86.88   21.70   0.0005000
  -80.81  102.97   72.00   0.0005000
  -95.70   89.79 -169.65   0.0005000
   96.77   84.05  111.86   0.0005000
  -94.39   79.58  105.79   0.0005000
  -87.12   84.57   52.59   0.0005000
   84.65   91.74 -109.16   0.0005000
  -95.24   86.38   -2.46   0.0005000
   83.86   84.63  -69.35   0.0005000
  -90.54   79.45  -27.81   0.0005000
   88.02   89.71  -76.51   0.0005000
 -108.03   85.20  175.03   0.0005000
  -90.35  100.08 -175.74   0.0005000
   88.66   93.18 -160.36   0.0005000
  -90.39   92.05 -177.04   0.0005000
   83.57   96.25  115.50   0.0005000
  101.74   97.05   82.22   0.0005000
  -82.01   88.55  -17.41   0.0005000
  -96.79   95.10   47.24   0.0005000
 -103.70   91.17 -112.64   0.0005000
  -89.32   92.26 -156.06   0.0005000
   88.80   79.46  168.77   0.0005000
   91.14   95.05  -19.81   0.0005000
  -93.49   85.98 -127.63   0.0005000
  -88.15   88.46 -178.06   0.0005000
  -82.78   92.41   83.86   0.0005000
   91.52   81.29 -101.63   0.0005000
  -84.33   92.56 -137.64   0.0005000
   79.98   74.27  122.85   0.0005000
 -107.47   79.03   89.53   0.0005000
  -96.75   93.36  120.88   0.0005000
  -95.92   91.14   39.50   0.0005000
   90.06   77.35 -105.56   0.0005000
  -94.87   93.28   13.39   0.0005000
  -95.36  105.67  134.05   0.0005000
   86.30   91.01  -82.29   0.0005000
  -96.59   93.57  112.93   0.0005000
   80.68   98.92  -76.36   0.0005000
   83.71   78.53  120.02   0.0005000
   79.78   88.63  -65.60   0.0005000
   94.98   84.18  -92.56   0.0005000
  -99.19   92.46  144.91   0.0005000
  100.78   91.41   68.88   0.0005000
   97.32  107.52  120.50   0.0005000
   79.98   78.58  -95.82   0.0005000
   93.02   76.27   12.68   0.0005000
  -72.41  105.76  -40.07   0.0005000
   89.79   93.02   84.03   0.0005000
  -89.61   95.21  160.95   0.0005000
   90.48   93.00  -35.50   0.0005000
   72.56  107.84  166.94   0.0005000
  -85.41   95.90  -35.57   0.0005000
  -74.09   94.66  -16.45   0.0005000
   83.53   84.66 -163.31   0.0005000
  -97.42   89.99   78.14   0.0005000
   84.20   87.48  -76.66   0.0005000
  -94.74   90.49  -19.08   0.0005000
  -98.26   96.19  -91.79   0.0005000
   93.74   85.12    5.03   0.0005000
   91.02   80.16 -102.71   0.0005000
   81.32   96.16  -13.43   0.0005000
  104.19   74.18  -22.67   0.0005000
   73.34   80.05 -147.76   0.0005000
  -83.50   88.69 -130.64   0.0005000
   82.55   96.65   33.64   0.0005000
  101.92   94.19   96.42   0.0005000
  112.55  107.35  -41.43   0.0005000
  -78.14   88.14    7.57   0.0005000
  -81.61   86.35   33.45   0.0005000
  -64.31  100.58  -81.81   0.0005000
  104.65   86.86 -171.66   0.0005000
 -100.63   99.30 -129.82   0.0005000
   84.49   91.13 -164.54   0.0005000
  102.68   78.61   38.67   0.0005000
  -75.07   82.09   89.15   0.0005000
   76.38  100.97 -135.37   0.0005000
  -96.75   92.56 -123.97   0.0005000
  -82.41   95.63   87.12   0.0005000
   82.89   89.60  -65.00   0.0005000
   92.56   84.35  163.53   0.0005000
  -96.24   68.63  177.69   0.0005000
  -78.08  105.61  -72.85   0.0005000
   79.78  101.88  -96.82   0.0005000
   96.32   93.33  -82.22   0.0005000
   93.06   87.81  168.24   0.0005000
   92.17   83.39 -150.33   0.0005000
   79.30   96.31   85.28   0.0005000
 -100.37   97.91 -150.73   0.0005000
  -91.15   78.68  -86.57   0.0005000
   83.83   76.93  -57.29   0.0005000
  -95.48   76.08   94.26   0.0005000
  -87.90  116.54  120.21   0.0005000
   84.24   93.81   69.54   0.0005000
  -99.21   86.18  110.79   0.0005000
   81.69  106.73   63.59   0.0005000
   84.62  109.20   27.49   0.0005000
  -91.02   85.17   10.60   0.0005000
   82.72   95.30  -25.20   0.0005000
  -86.58   62.59 -157.92   0.0005000
   91.80   96.02  -97.44   0.0005000
  -91.42   96.00  159.91   0.0005000
   76.70   85.95  -82.41   0.0005000
  -84.59   84.34  168.34   0.0005000
   93.02  101.31  -81.56   0.0005000
   86.51  110.16  140.12   0.0005000
  -78.27   85.83  145.04   0.0005000
  -84.35   86.88 -135.24   0.0005000
   97.28   73.59   -4.58   0.0005000
   71.19  108.02 -138.79   0.0005000
  -99.59   94.64  169.05   0.0005000
   96.62   98.65  -45.67   0.0005000
   95.36   82.55   33.30   0.0005000
   96.82  102.46   66.52   0.0005000
  -80.02   79.70  101.30   0.0005000
 -104.19   96.02  -28.40   0.0005000
   81.16   83.14   36.60   0.0005000
  -91.41   95.06   77.77   0.0005000
   89.58   76.69  134.74   0.0005000
  -93.47  102.23  118.18   0.0005000
  -83.01   91.08   -2.31   0.0005000
  103.21   78.68  -18.97   0.0005000
   92.40   94.88  -65.83   0.0005000
  101.79   89.35   65.56   0.0005000
   86.28   80.67  -17.25   0.0005000
   97.06   82.25   -2.96   0.0005000
  -83.37   82.19  -88.67   0.0005000
   85.79   95.24  164.90   0.0005000
   73.33   98.86   24.97   0.0005000
   93.68   88.48 -138.21   0.0005000
  -81.30   92.59 -120.94   0.0005000
   87.89  100.42 -123.95   0.0005000
  -93.26   93.84 -149.36   0.0005000
   93.35   83.81  138.12   0.0005000
  -93.14   87.35  -15.21   0.0005000
   87.08   88.08   28.42   0.0005000
 -102.13   78.41  -27.67   0.0005000
   94.28   85.82  -43.76   0.0005000
   95.18   64.24 -109.27   0.0005000
   91.34   90.53   57.76   0.0005000
   85.02   94.66  -79.12   0.0005000
  -95.14   75.31 -125.46   0.0005000
 -100.90   90.86  112.13   0.0005000
  -89.66   98.64   37.19   0.0005000
  -90.89   92.94 -150.14   0.0005000
   92.72   85.87  133.30   0.0005000
  -91.25   71.70   31.33   0.0005000
  100.64  104.96 -140.63   0.0005000
  -82.74  101.77  161.70   0.0005000
 -102.74   84.41   95.04   0.0005000
  -97.38   96.79 -103.25   0.0005000
  -93.23   90.82   57.49   0.0005000
  100.26   87.37  127.91   0.0005000
  -86.29   98.24   74.55   0.0005000
  -78.65   86.49  -83.52   0.0005000
  -87.55  101.34  140.37   0.0005000
  -90.90   97.26 -128.67   0.0005000
   90.02   83.29  -59.22   0.0005000
  103.27   92.43  -14.53   0.0005000
   66.07   95.60 -168.10   0.0005000
  -94.69  101.17   73.56   0.0005000
  -94.63   95.52   53.10   0.0005000
   77.54  101.22 -140.04   0.0005000
  -84.20   84.76   58.81   0.0005000
   78.90   85.95  161.02   0.0005000
  114.44   98.55  101.54   0.0005000
  -80.66   91.45  -91.67   0.0005000
   87.03   99.50   81.55   0.0005000
 -102.15   85.28  -27.28   0.0005000
   77.25  101.60 -177.18   0.0005000
   92.67   99.17  -80.02   0.0005000
   98.46   86.35 -149.74   0.0005000
   61.77   82.52  105.87   0.0005000
   91.21   90.83 -135.86   0.0005000
  -86.95   88.97    9.95   0.0005000
  -87.60   94.36  -67.06   0.0005000
  -93.73   87.97  137.18   0.0005000
   89.02   64.86  157.41   0.0005000
   88.79   98.83   87.58   0.0005000
  -81.87   96.82  149.13   0.0005000
  -81.60   97.67  139.33   0.0005000
  -97.61   87.87 -127.26   0.0005000
   91.20   91.56  -72.69   0.0005000
  -78.74   91.19  110.57   0.0005000
  101.26   94.61   91.52   0.0005000
   84.35   97.40 -170.90   0.0005000
   83.79   77.92    9.47   0.0005000
   85.33   85.89 -124.04   0.0005000
   94.04   99.62  -13.84   0.0005000
   96.31   83.68  172.17   0.0005000
   82.55   83.05 -146.32   0.0005000
  103.46   88.52 -171.14   0.0005000
  -96.86   86.85   61.86   0.0005000
  -87.36   96.01  141.56   0.0005000
   89.07   94.35    4.29   0.0005000
  -79.14   89.96  172.80   0.0005000
 -106.92   95.15  135.67   0.0005000
  -68.87   91.91  -99.04   0.0005000
  -94.22   83.95   87.74   0.0005000
   91.91   85.82   68.94   0.0005000
  -85.88   96.91  -27.93   0.0005000
  -90.98   97.35  -46.85   0.0005000
  -78.89   88.90  141.13   0.0005000
  101.77   84.17  102.63   0.0005000
   81.19   71.83  -62.08   0.0005000
  -89.99   74.18 -164.24   0.0005000
   82.94   90.86  -92.19   0.0005000
  -93.73   81.83 -100.51   0.0005000
  -96.99   94.59  135.03   0.0005000
  -85.21   92.32   25.57   0.0005000
  -83.56   91.54   57.66   0.0005000
   63.68   83.03  108.23   0.0005000
   97.00   90.88 -177.69   0.0005000
   93.03   90.27    1.98   0.0005000
   85.59   93.87  -85.78   0.0005000
  -99.98   84.87  -85.81   0.0005000
  -85.33   98.70 -135.31   0.0005000
  -89.96   86.16 -141.85   0.0005000
   76.48  100.45  154.90   0.0005000
  -95.19   95.66   40.91   0.0005000
  -73.54  101.86  -35.09   0.0005000
  -97.22   95.31 -156.41   0.0005000
  -91.85   94.57   44.84   0.0005000
 -101.62   97.83  145.50   0.0005000
  -73.88   97.15  -27.30   0.0005000
   92.80  109.01   48.67   0.0005000
   89.17   71.98  144.14   0.0005000
 -102.60   96.64  -29.08   0.0005000
   82.95   82.62  133.83   0.0005000
  -79.85   89.78  -50.26   0.0005000
   95.61   91.62 -147.64   0.0005000
  -82.06   99.77   -2.73   0.0005000
   98.70   87.63  -26.10   0.0005000
   92.76   88.95  -77.86   0.0005000
   92.81   99.00  147.52   0.0005000
   74.37   84.65   36.14   0.0005000
   86.84   89.40 -134.67   0.0005000
   96.87   87.61  -48.57   0.0005000
  -92.83   92.11 -152.29   0.0005000
   90.06   85.62  123.54   0.0005000
   79.80   95.13  126.95   0.0005000
   74.31  103.05  -20.41   0.0005000
  -94.63   82.15   80.77   0.0005000
  -82.35   96.88  -34.91   0.0005000
   98.62   96.14  -87.97   0.0005000
   96.21   89.71  -90.84   0.0005000
  -85.42   92.16   31.59   0.0005000
   90.92   84.39  -21.57   0.0005000
  -97.99   75.53  178.47   0.0005000
  -71.42   79.44   89.40   0.0005000
 -109.59   83.86  -73.87   0.0005000
  -92.52   60.26  -20.17   0.0005000
   92.70   90.28   46.38   0.0005000
   88.72   96.23 -114.74   0.0005000
   93.88   84.13 -154.84   0.0005000
   88.95   86.35   16.28   0.0005000
  -94.16   68.01   92.88   0.0005000
  -98.93   75.52   60.14   0.0005000
  -85.97   96.71  -54.76   0.0005000
   91.50   82.98  -64.37   0.0005000
   88.93   76.21   83.31   0.0005000
  -88.91   84.07 -176.38   0.0005000
  -82.25  101.21   10.46   0.0005000
  -86.62  105.19 -133.64   0.0005000
  -86.94   98.25  167.04   0.0005000
   95.00   84.38  112.03   0.0005000
  -86.36   96.68  -58.98   0.0005000
  -80.40   98.38    1.37   0.0005000
  -93.59  111.57   15.78   0.0005000
  -81.34   85.72   95.83   0.0005000
  -96.80   76.66  -65.53   0.0005000
  -97.74   83.04  -79.36   0.0005000
  -90.25  117.20  150.64   0.0005000
  101.12   91.24  -55.31   0.0005000
   78.71   94.39   79.01   0.0005000
   89.90   85.64  103.23   0.0005000
   89.14   97.23   81.11   0.0005000
  -86.14   92.49 -123.47   0.0005000
  -78.41   92.30 -141.11   0.0005000
  -74.17   94.98 -136.44   0.0005000
   92.95   81.69  119.93   0.0005000
   92.06   81.10 -171.77   0.0005000
   88.20  103.29   77.61   0.0005000
   92.07   78.01  -62.09   0.0005000
  -93.87   82.83  138.97   0.0005000
  -92.98   90.41  -64.29   0.0005000
   99.87   79.32   42.13   0.0005000
  -65.32  102.35  -23.39   0.0005000
   84.33   90.47  -39.70   0.0005000
   91.76   84.53   65.05   0.0005000
  -90.89   94.79   31.29   0.0005000
  -84.61   86.64   -8.82   0.0005000
  -70.19   89.37  -44.58   0.0005000
  103.34   74.23   49.14   0.0005000
   83.76   85.22  131.38   0.0005000
   98.14   87.56   15.25   0.0005000
   94.56  102.21 -135.76   0.0005000
 -101.06  107.82 -176.91   0.0005000
  100.85   85.66   85.97   0.0005000
   79.71   91.05 -100.33   0.0005000
  -96.30   79.66   63.79   0.0005000
   88.26   95.09  -65.12   0.0005000
  -92.39   81.99 -113.64   0.0005000
  -95.09   91.04 -155.82   0.0005000
  -78.86   64.93 -175.08   0.0005000
   84.54   91.67 -157.64   0.0005000
   77.80   77.04  -77.68   0.0005000
  114.66  105.81 -146.66   0.0005000
  -93.15   90.81   62.10   0.0005000
  -88.50   81.87   61.58   0.0005000
  -87.78  119.21   94.61   0.0005000
   69.46  102.78  -87.60   0.0005000
  -92.83   94.40  122.47   0.0005000
   83.96  104.60  -52.11   0.0005000
   94.32   89.36  -16.55   0.0005000
  -94.73   90.47 -125.42   0.0005000
  -94.13   95.18  -61.92   0.0005000
 -120.21   92.73 -113.41   0.0005000
 -101.43   96.44   38.05   0.0005000
  -99.45   85.73 -154.32   0.0005000
 -105.71   90.28  119.87   0.0005000
  100.37   82.80   27.10   0.0005000
   90.88   84.35   50.10   0.0005000
   74.52   92.03 -163.70   0.0005000
   88.86   97.14 -112.30   0.0005000
   95.80   89.57 -109.50   0.0005000
  -99.17   89.63  -77.55   0.0005000
  -93.52   93.36  -56.21   0.0005000
  -95.19   88.21    3.79   0.0005000
  -86.06   98.58  -69.18   0.0005000
   94.84   91.08  -76.09   0.0005000
   83.97   88.06  -28.36   0.0005000
  -93.45  102.12  -87.74   0.0005000
   90.45   86.27  131.15   0.0005000
 -102.48   98.21  -19.64   0.0005000
   94.49  100.50  -10.56   0.0005000
  -95.14   78.21   96.96   0.0005000
  -90.22   94.07   45.22   0.0005000
 -110.17   93.72    8.33   0.0005000
   92.54   88.03 -152.85   0.0005000
  -97.77   88.58   99.42   0.0005000
   84.97   85.56    6.49   0.0005000
  -86.91   91.98  -62.97   0.0005000
  -73.71   93.10   -1.67   0.0005000
  -87.87   87.61 -175.16   0.0005000
 -100.74   94.48  -84.16   0.0005000
   93.95   81.52  130.96   0.0005000
  -87.98   84.21   23.17   0.0005000
   95.43   75.27 -171.57   0.0005000
   94.47   87.21  -46.53   0.0005000
  -87.57   89.39  -92.55   0.0005000
  -90.75   91.44  -53.64   0.0005000
  104.50   64.85   -3.25   0.0005000
   83.69   95.62   54.90   0.0005000
  -98.67  106.98 -126.05   0.0005000
  -71.94   83.70  -38.91   0.0005000
  114.97  100.28   39.84   0.0005000
  -76.85   82.53   13.49   0.0005000
  -93.58   96.19  115.12   0.0005000
   82.19  106.62  132.26   0.0005000
   85.75   86.72  -40.18   0.0005000
   93.90   99.14  -91.30   0.0005000
  105.32   83.35  -96.80   0.0005000
  100.11   85.85 -114.95   0.0005000
 -104.38  100.80 -144.18   0.0005000
  -90.07   91.92  -94.46   0.0005000
  -92.60   78.22  100.29   0.0005000
   95.05   91.93    5.69   0.0005000
  -96.70   88.53  127.67   0.0005000
  100.23   90.46  114.10   0.0005000
   88.60   98.06   52.39   0.0005000
  -77.20   90.73  -91.39   0.0005000
   90.42  107.07 -151.15   0.0005000
   95.89   86.86  -47.93   0.0005000
   81.41   88.38 -153.23   0.0005000
 -108.16   90.88   -0.31   0.0005000
   86.02   88.90 -135.83   0.0005000
   74.24   85.92  -72.87   0.0005000
   98.26   90.94   28.98   0.0005000
  -98.57   79.61   55.18   0.0005000
   81.66   97.83  -92.99   0.0005000
  -91.21   87.36  167.81   0.0005000
   93.61   87.16 -154.05   0.0005000
  -93.53   97.98 -105.43   0.0005000
  -93.05   79.72  -74.09   0.0005000
   87.92   78.85   48.92   0.0005000
   88.61  106.58  118.90   0.0005000
   91.62   88.05  143.54   0.0005000
   86.14   92.13   58.00   0.0005000
  -86.07   97.39 -125.50   0.0005000
  -89.41  104.54   42.35   0.0005000
   76.49   79.83  -24.74   0.0005000
  -94.87   90.79  -69.46   0.0005000
   92.54  104.23   43.17   0.0005000
  -92.66   88.99  -47.54   0.0005000
  -90.24   98.36   -9.86   0.0005000
  -89.74  104.75 -100.64   0.0005000
   99.13  113.95  -10.64   0.0005000
   79.57   87.77   76.28   0.0005000
   83.81   89.58  -25.71   0.0005000
  -97.52   85.83   77.78   0.0005000
   88.11  102.11 -105.42   0.0005000
 -114.56   89.76  -59.22   0.0005000
  -76.35   82.05  100.97   0.0005000
  -93.99   84.83 -157.31   0.0005000
  -87.66   80.10 -110.97   0.0005000
   73.14  103.41   38.26   0.0005000
  -78.48   90.85  -70.36   0.0005000
  104.06   89.60  159.02   0.0005000
  -83.88   81.08 -113.94   0.0005000
   92.13   93.85   85.09   0.0005000
  -92.54   84.69  -68.05   0.0005000
  -86.97   94.78  -76.49   0.0005000
  -95.99   95.47  152.00   0.0005000
  103.56   89.41 -171.98   0.0005000
   94.89   93.78 -113.34   0.0005000
  -78.70   88.13 -140.64   0.0005000
  -90.68   92.68  163.73   0.0005000
 -106.19   66.09  123.70   0.0005000
  -96.41   90.62 -160.03   0.0005000
   77.77   80.91 -152.63   0.0005000
   88.21  105.12  -82.84   0.0005000
 -101.32   85.75 -141.82   0.0005000
  -90.99   81.89 -124.70   0.0005000
   83.18   85.73  150.15   0.0005000
  -96.20   86.89 -122.54   0.0005000
   78.51   98.07   90.56   0.0005000
  -79.12   90.07 -118.93   0.0005000
  -92.92   99.64   94.31   0.0005000
   91.61   80.92   85.47   0.0005000
   90.00   86.49 -126.69   0.0005000
  -92.46   83.18 -105.05   0.0005000
   71.41   87.59  -28.51   0.0005000
   80.65   89.09  -24.66   0.0005000
   86.82   89.50   45.20   0.0005000
  -89.99   93.66   67.53   0.0005000
  -72.89   82.74  -38.78   0.0005000
  -93.84   86.33 -173.06   0.0005000
   86.22   90.14 -158.44   0.0005000
  -86.06   95.98 -178.43   0.0005000
  -86.71   92.87 -165.75   0.0005000
  -91.43   95.71 -123.90   0.0005000
   -7.00   93.46 -174.06   0.0005000
   73.58   70.21 -108.70   0.0005000
  -88.97   84.59  137.65   0.0005000
   84.40   93.01 -122.64   0.0005000
  -81.46  102.44 -119.66   0.0005000
   78.69   83.19  148.31   0.0005000
   78.93   79.59   20.70   0.0005000
   82.47   95.14  125.66   0.0005000
  -98.22   85.93  -18.02   0.0005000
  -68.61   78.49  140.86   0.0005000
  -76.39   93.01   59.60   0.0005000
  -92.25  106.08   49.64   0.0005000
   86.28   96.04  -93.19   0.0005000
  100.51   79.52  166.03   0.0005000
  -85.73   85.37 -140.91   0.0005000
   84.84   89.56  166.01   0.0005000
   95.02   99.94   63.36   0.0005000
   94.63   92.16   48.71   0.0005000
   93.40   93.98  -69.95   0.0005000
   94.25   81.80  114.17   0.0005000
  -88.45   87.91    7.43   0.0005000
  -90.64  104.57  -94.46   0.0005000
  -82.83   91.63 -135.85   0.0005000
  -98.68   96.30  -62.57   0.0005000
   91.71   80.38  117.09   0.0005000
 -104.50   94.70   88.43   0.0005000
  -99.82  102.68   99.23   0.0005000
   80.99   94.56  -51.41   0.0005000
 -107.22   72.58  -44.46   0.0005000
   93.60   95.28  178.59   0.0005000
   94.85   82.03  111.98   0.0005000
  -84.85   88.70  -98.74   0.0005000
   91.24  107.06   35.47   0.0005000
  -98.52  117.25 -105.75   0.0005000
   91.55   86.19  -41.01   0.0005000
   72.71   96.28  161.34   0.0005000
   82.23  102.71   58.69   0.0005000
  -85.90   75.07 -170.17   0.0005000
   93.76   88.79  -73.59   0.0005000
  -88.20   82.65  -63.52   0.0005000
   75.00   67.80  -53.54   0.0005000
   74.77   83.50  163.68   0.0005000
 -107.59   89.33    9.99   0.0005000
   88.82   97.99    1.10   0.0005000
   82.14  104.43  -71.10   0.0005000
   93.86   97.95 -143.30   0.0005000
  -90.40   84.16   96.67   0.0005000
  101.22   91.98 -140.46   0.0005000
  -89.72   79.61   48.44   0.0005000
   90.27   92.47   -2.53   0.0005000
   94.03   80.81  104.92   0.0005000
   90.01   73.94  -29.70   0.0005000
  -96.40   89.76  127.68   0.0005000
  -89.32   84.65   12.96   0.0005000
   77.18   95.31  -47.30   0.0005000
  -93.68   73.92   37.06   0.0005000
  -97.19   93.77   38.02   0.0005000
  -82.99   88.47  114.43   0.0005000
   85.33   93.16   29.44   0.0005000
  -94.79   94.95  -77.27   0.0005000
   92.90   91.39   18.80   0.0005000
   75.52  101.57  129.84   0.0005000
   78.60   94.62   25.94   0.0005000
   83.51  102.14   -0.47   0.0005000
   93.57   88.08  138.21   0.0005000
  -77.89   83.45  -27.66   0.0005000
  -98.72   85.54  133.15   0.0005000
   88.53   97.55   67.68   0.0005000
  -83.14  106.81  -76.82   0.0005000
 -106.15   77.49  140.46   0.0005000
   95.03   84.70  140.17   0.0005000
 -100.15   77.49 -104.06   0.0005000
   89.51   91.53  -61.61   0.0005000
   85.15   85.01  -53.35   0.0005000
 -122.62   84.54  -67.94   0.0005000
  -73.09   78.70  153.38   0.0005000
 -118.08  103.91 -155.47   0.0005000
   82.82  104.26 -104.77   0.0005000
  -94.99  100.59 -114.44   0.0005000
 -101.90   77.99 -164.06   0.0005000
   90.58   98.24   20.13   0.0005000
  -97.16   85.68   88.90   0.0005000
  100.05   92.72   25.47   0.0005000
   80.70  101.25  -75.56   0.0005000
   88.20   95.03    6.07   0.0005000
  -91.69   88.66 -161.75   0.0005000
  -90.66   83.70  141.81   0.0005000
   84.07   96.66  -83.23   0.0005000
  -92.53  100.71  150.48   0.0005000
  110.33   76.91   90.31   0.0005000
  102.10  109.96 -119.94   0.0005000
   97.31   95.52   16.68   0.0005000
   83.49   77.51   46.16   0.0005000
  -76.30   95.21  -23.12   0.0005000
   93.00  100.77 -156.07   0.0005000
  -99.81   76.48   30.56   0.0005000
  -87.75   93.04  -12.02   0.0005000
  -85.65   86.12   84.62   0.0005000
   71.62  102.90 -144.55   0.0005000
   83.59   81.79  -53.08   0.0005000
   94.70   90.37    0.32   0.0005000
   93.61   90.07   94.19   0.0005000
  -93.09   80.59 -169.37   0.0005000
   90.86   80.35   24.95   0.0005000
  -94.92   77.47  166.55   0.0005000
  -76.69   97.23  158.37   0.0005000
  -81.30   97.13  -88.48   0.0005000
   83.59   91.33  -42.62   0.0005000
  -93.00   90.09 -140.50   0.0005000
   80.07   96.77   31.37   0.0005000
  -87.07  105.57  164.49   0.0005000
   82.65   88.42 -138.60   0.0005000
  -90.10   93.69  -29.75   0.0005000
  -88.44   98.50   97.54   0.0005000
  -82.58  100.44 -109.55   0.0005000
   82.38   84.15 -141.54   0.0005000
  -89.57   80.14   73.72   0.0005000
   75.35   77.39  139.25   0.0005000
   83.60  100.99   62.99   0.0005000
   88.16   76.69   89.50   0.0005000
  -97.68   81.03   68.29   0.0005000
  -91.43   92.12  112.64   0.0005000
  -95.41   91.95   46.64   0.0005000
  -72.04   90.07 -179.63   0.0005000
   93.39   95.81  -58.65   0.0005000
   91.35   88.94 -161.20   0.0005000
  -75.87   97.80   85.59   0.0005000
   93.52   88.73  137.54   0.0005000
   89.83   86.54   93.72   0.0005000
  -75.27   90.70  160.89   0.0005000
 -101.39   86.82  -76.93   0.0005000
  -83.58   97.91   11.80   0.0005000
   93.61   87.78  139.05   0.0005000
  -82.71  104.09  -52.87   0.0005000
  -94.81   87.65   49.24   0.0005000
   73.58   88.26   -2.50   0.0005000
  -91.81   95.46   96.05   0.0005000
  -77.49  100.53 -100.07   0.0005000
   75.65   96.30   16.81   0.0005000
   90.41   97.70 -145.15   0.0005000
  -95.01   81.43  -55.82   0.0005000
   78.48   83.05  -80.92   0.0005000
  101.49  108.65   -3.88   0.0005000
   87.62   84.67  141.01   0.0005000
  -86.35   97.41 -110.00   0.0005000
   85.54   82.98 -177.87   0.0005000
  -79.77  105.74  -58.81   0.0005000
   93.70  100.86  -31.12   0.0005000
  -95.70   91.39 -142.68   0.0005000
   94.62   95.44    3.76   0.0005000
   84.49   92.56  -39.31   0.0005000
  101.98   85.94  144.10   0.0005000
  -85.81   85.00   53.83   0.0005000
   81.04   86.66  124.53   0.0005000
   82.00   87.62 -140.94   0.0005000
  -80.70   88.01 -175.89   0.0005000
  -95.41   71.59  149.42   0.0005000
   93.01   74.78   19.63   0.0005000
  -82.39   84.97 -103.59   0.0005000
  -91.19   91.56  144.25   0.0005000
   88.85   82.17  -25.81   0.0005000
  -79.90  102.96   -5.13   0.0005000
   84.95   89.56   24.21   0.0005000
   72.87  111.54  -76.60   0.0005000
   77.89   86.17 -160.90   0.0005000
   79.74   96.91  150.22   0.0005000
   83.67   85.20  148.01   0.0005000
   71.74   83.78  -72.65   0.0005000
   84.84   83.60   75.41   0.0005000
   72.45   89.53  -12.41   0.0005000
  -88.72   92.12 -102.25   0.0005000
  108.57   91.50  -10.93   0.0005000
  -99.71   82.50 -117.60   0.0005000
   84.28   86.36  134.97   0.0005000
   83.28   87.31  171.44   0.0005000
   78.23   89.78  116.08   0.0005000
  -87.20  107.19   40.48   0.0005000
  -83.22   96.34   95.75   0.0005000
   94.70   83.76 -140.82   0.0005000
  -87.24   99.35   54.23   0.0005000
  -94.11  101.21  -59.16   0.0005000
  -97.87   82.81   34.54   0.0005000
  -90.87   85.11  -43.64   0.0005000
   99.28   97.91   82.25   0.0005000
   94.03   90.92  128.93   0.0005000
  -95.19   78.06   69.73   0.0005000
   90.08   80.75  -29.25   0.0005000
   91.91   99.63  -87.36   0.0005000
   83.11   90.95  160.44   0.0005000
  -96.34   98.98 -122.44   0.0005000
   84.43   99.21  178.47   0.0005000
   91.07   79.49 -165.17   0.0005000
  101.88   94.72  157.05   0.0005000
  -88.49   96.55    3.33   0.0005000
  -92.63   87.89  147.37   0.0005000
  -80.21   90.90  -30.49   0.0005000
  107.48   64.64  -65.04   0.0005000
  -90.14  108.09 -149.45   0.0005000
   99.49   86.76 -157.92   0.0005000
   87.72   88.87  -50.04   0.0005000
   67.24  112.98  -21.18   0.0005000
   74.41  105.15  161.60   0.0005000
  -81.25   87.89   12.26   0.0005000
   92.75   95.91   92.18   0.0005000
   76.46   78.34 -106.12   0.0005000
  -91.66   83.69  -87.09   0.0005000
   82.59   92.54   16.73   0.0005000
  -85.76  110.91  -17.67   0.0005000
   84.24   89.83  150.29   0.0005000
  -98.49   94.81 -137.23   0.0005000
  -97.34   99.84   54.76   0.0005000
   76.04  102.22 -139.33   0.0005000
  -85.04   93.88   63.06   0.0005000
   83.49   75.50   51.34   0.0005000
  -96.05   96.12  102.60   0.0005000
  -90.13   96.81  -62.83   0.0005000
   86.44   73.60 -173.80   0.0005000
   91.68   82.52   15.71   0.0005000
  -89.88   81.66 -137.44   0.0005000
  -92.04   90.85  -86.43   0.0005000
   67.60  106.46   74.06   0.0005000
   87.45   79.16  -74.77   0.0005000
   83.85   86.98    7.41   0.0005000
   84.75   96.74 -117.86   0.0005000
  -85.40   82.51 -169.13   0.0005000
  -88.25   94.32  -14.02   0.0005000
  -74.72  110.69   67.96   0.0005000
   90.71   95.34  -86.02   0.0005000
   95.10   97.41   45.24   0.0005000
  -85.27   77.39 -140.14   0.0005000
   70.72   93.69   66.23   0.0005000
  -77.28   97.10  -58.10   0.0005000
  -82.69   84.14  -18.37   0.0005000
   81.00   68.38  -22.93   0.0005000
   92.30   90.08  -10.68   0.0005000
 -100.46   95.46   68.35   0.0005000
   84.81   94.67  164.15   0.0005000
   98.25   91.19 -139.60   0.0005000
   93.78  111.14  -40.86   0.0005000
   94.69   73.77 -113.23   0.0005000
  -80.68   94.34   93.90   0.0005000
  -83.68   84.29  157.72   0.0005000
  -82.56   91.78  164.26   0.0005000
  100.53   90.62 -116.39   0.0005000
   81.72   84.94   31.49   0.0005000
  114.69  102.31 -155.75   0.0005000
   89.64   78.80   22.57   0.0005000
   86.23   87.65  101.86   0.0005000
   84.16   96.79   -4.25   0.0005000
   92.18   94.86 -127.10   0.0005000
   69.44  117.68  170.20   0.0005000
   88.63   86.22 -109.88   0.0005000
  -84.35   89.17 -153.26   0.0005000
 -103.55   76.37  133.34   0.0005000
   97.51   87.74  116.96   0.0005000
   81.32   93.00   85.10   0.0005000
  -95.66   84.15  141.22   0.0005000
  -96.82   94.44 -176.69   0.0005000
   93.20   83.34  -83.39   0.0005000
   85.49  101.04 -152.65   0.0005000
  -90.59   83.44 -100.00   0.0005000
  -83.16   98.00   58.69   0.0005000
  -82.57   91.09   63.05   0.0005000
  -91.39   82.01  -77.01   0.0005000
  -84.82   89.55   76.13   0.0005000
 -104.04   77.15   30.08   0.0005000
  -91.78   82.61  164.96   0.0005000
   99.53   73.22  -74.05   0.0005000
  -86.69   92.07  113.60   0.0005000
   96.93   85.20   83.71   0.0005000
  105.93  107.81   11.95   0.0005000
  -77.51   86.97  172.19   0.0005000
  -92.80   89.39 -125.58   0.0005000
  -88.33   87.78 -178.10   0.0005000
  103.95  107.06  -61.71   0.0005000
  101.17   91.33    0.61   0.0005000
 -102.99   62.80   54.32   0.0005000
  -90.08   97.86  -82.90   0.0005000
  -88.79   89.14   61.16   0.0005000
  -79.92   97.99  -23.85   0.0005000
  -98.67   87.46  162.56   0.0005000
  -98.75   84.66  138.34   0.0005000
  -98.88   91.38   50.96   0.0005000
   95.61   88.84   48.03   0.0005000
   80.10   95.35  -96.91   0.0005000
  104.08   89.42   12.33   0.0005000
   79.26   94.30  137.46   0.0005000
  -72.20   80.52  -94.74   0.0005000
