TEXTURE AT STRAIN =    1.0000
   0.606   2.712   0.606  <-- length of phase ellipsoid axes
   90.00   90.00   90.00  <-- Euler angles (deg) of phase ellipsoid axes
B       500
   91.87  119.96   30.75   0.0020000
 -100.29   24.44   38.94   0.0020000
  118.86    8.71  102.31   0.0020000
   99.32   80.90   32.86   0.0020000
   98.58   60.98   26.08   0.0020000
   75.83    4.33  164.77   0.0020000
   71.54   52.53  -68.87   0.0020000
 -101.54  166.07   20.26   0.0020000
  -83.36   51.74  146.52   0.0020000
  -87.60  138.64 -148.29   0.0020000
  -75.84  167.81  -98.32   0.0020000
   82.12  173.01  141.22   0.0020000
   83.03   60.59   32.05   0.0020000
   78.84  133.16 -159.26   0.0020000
   84.72  120.23  -19.40   0.0020000
  -89.80   76.95  152.00   0.0020000
   95.32   13.38 -155.25   0.0020000
   90.35   56.61   27.05   0.0020000
   88.68   57.75 -150.07   0.0020000
  -90.05   31.10  152.59   0.0020000
  -97.41  130.95   20.04   0.0020000
   72.69  163.88  -47.11   0.0020000
  -87.88   14.38   46.83   0.0020000
 -174.75    4.52 -126.96   0.0020000
   95.95   84.70   79.98   0.0020000
   92.73  100.66  -40.39   0.0020000
  -86.18   93.02  -89.26   0.0020000
  -66.34   18.96 -125.31   0.0020000
  -89.34   90.55  -90.47   0.0020000
  -78.10  148.26  -77.97   0.0020000
   94.45   79.52   87.37   0.0020000
   62.20   13.55  -66.03   0.0020000
  135.83  168.47   75.88   0.0020000
  -89.37   72.41  -91.02   0.0020000
  -80.02  150.15 -144.54   0.0020000
   77.89   37.74 -141.84   0.0020000
   65.08  167.21 -111.96   0.0020000
  -93.51   52.09  153.89   0.0020000
  -95.14  103.26  141.08   0.0020000
   79.47   57.19   45.20   0.0020000
  -94.34  137.19   86.87   0.0020000
   93.47   77.47   90.06   0.0020000
  107.89   36.41 -116.57   0.0020000
  -85.13   43.07  146.71   0.0020000
  109.60   25.80  -50.54   0.0020000
 -100.25   90.35 -146.86   0.0020000
  -89.42   46.77   27.73   0.0020000
   96.48   71.36  147.20   0.0020000
  -79.32   30.16 -150.81   0.0020000
  -85.10   35.54 -153.87   0.0020000
  -86.89   25.05  -36.88   0.0020000
  -85.77   98.93  150.86   0.0020000
   81.06  127.73  -97.91   0.0020000
  169.51  176.75  -55.22   0.0020000
   87.10   55.00 -148.43   0.0020000
  -90.08  119.62  -28.59   0.0020000
   87.68  115.67  -84.85   0.0020000
   -9.00    6.15   10.61   0.0020000
  -85.14    4.94   19.71   0.0020000
   83.50   89.19   92.60   0.0020000
  110.34    5.27   15.81   0.0020000
  -71.75  142.98  108.87   0.0020000
  -92.54   72.67 -148.41   0.0020000
  127.86  176.89 -111.58   0.0020000
  -84.67   75.39 -146.58   0.0020000
  115.01   22.02 -109.41   0.0020000
   33.82  174.23 -142.12   0.0020000
   80.86  137.79  -98.40   0.0020000
  -97.88   29.52   38.92   0.0020000
  -96.23   59.62 -148.25   0.0020000
   79.67   69.45   25.51   0.0020000
  -52.96  157.61  127.83   0.0020000
   93.41   19.44  147.03   0.0020000
  -94.37   88.51  -34.06   0.0020000
   80.49  165.48  141.17   0.0020000
  -84.01  168.25  -21.28   0.0020000
  -69.24  166.26  167.16   0.0020000
  110.30   16.64   75.25   0.0020000
   96.81   54.72   88.34   0.0020000
   22.51  174.52   80.19   0.0020000
  130.10   14.26 -137.29   0.0020000
   86.36   19.24  153.40   0.0020000
  -84.32  155.32   94.61   0.0020000
  -84.15  118.05  159.66   0.0020000
   81.31    3.53  -12.22   0.0020000
  102.85   42.49 -153.05   0.0020000
  115.09   49.75  165.01   0.0020000
   84.79   90.54   92.07   0.0020000
   71.11  152.58   85.15   0.0020000
   75.56   47.78  -80.87   0.0020000
  120.80    8.71   58.41   0.0020000
   92.85   26.83   26.98   0.0020000
   91.05   76.32  151.08   0.0020000
   78.99  149.61  -98.84   0.0020000
  -84.55  103.78  -26.50   0.0020000
 -121.00  171.50  -64.27   0.0020000
   93.60  140.71   93.77   0.0020000
   87.72   78.66  -82.47   0.0020000
   90.96  113.45  -33.97   0.0020000
 -115.66   40.91   42.44   0.0020000
   87.31   67.63  -30.32   0.0020000
 -174.48   17.64   76.26   0.0020000
   97.67   44.27   35.53   0.0020000
  105.94  160.45   52.93   0.0020000
   82.34   98.67   89.32   0.0020000
   94.75   90.27  -32.08   0.0020000
   84.05   21.31  -24.39   0.0020000
  -80.75   35.88  152.66   0.0020000
   46.13  166.79  -76.00   0.0020000
  -78.50   72.52  -97.15   0.0020000
  -16.84    5.07 -102.93   0.0020000
   85.86  121.17   87.42   0.0020000
  -88.61  119.67  148.98   0.0020000
  -97.50   53.64 -157.02   0.0020000
   93.72  109.76  -91.64   0.0020000
   96.55  136.96  -78.36   0.0020000
   88.06   63.38   30.42   0.0020000
  -86.04   37.72  -33.38   0.0020000
 -100.22  134.66   26.60   0.0020000
   80.24  152.21   22.34   0.0020000
   78.77   11.88  -80.14   0.0020000
   73.75  120.36  114.97   0.0020000
   85.97   48.46  153.22   0.0020000
  -91.33   57.90  150.52   0.0020000
 -113.48  170.01   67.75   0.0020000
   86.76  140.08   26.90   0.0020000
   89.63   88.07  -89.95   0.0020000
 -136.26  170.99  -16.00   0.0020000
 -110.05   23.27  171.51   0.0020000
  -71.86  169.70 -132.71   0.0020000
   63.67   30.91  -27.32   0.0020000
  -95.47  100.13  146.81   0.0020000
   82.59  103.40  -92.25   0.0020000
  -88.37   47.36  -88.95   0.0020000
 -109.23  158.40 -109.33   0.0020000
  -89.67  116.14  -29.77   0.0020000
  -88.91   60.37   89.60   0.0020000
  103.61   64.20  157.82   0.0020000
  -87.98   81.63   29.23   0.0020000
   80.25  139.02 -158.94   0.0020000
  -84.77  152.20   95.06   0.0020000
   93.98  140.30   92.61   0.0020000
 -148.90   12.14   79.07   0.0020000
   86.57   25.87   34.62   0.0020000
 -101.94  131.50  103.68   0.0020000
   98.40  120.63   31.65   0.0020000
   99.21   40.92  142.46   0.0020000
   90.85   90.05   91.55   0.0020000
   80.25   93.64  -90.16   0.0020000
   90.36   72.03  148.27   0.0020000
 -108.47  157.09  113.79   0.0020000
  -83.99  120.87  -77.59   0.0020000
   86.28   63.96   13.82   0.0020000
  -94.83   71.37   34.39   0.0020000
  -91.46   84.43  -92.74   0.0020000
   96.70  154.58  154.50   0.0020000
  -94.14  139.65  -36.02   0.0020000
   73.13  166.20   73.39   0.0020000
  101.30  103.43   75.89   0.0020000
  107.72   78.90 -144.18   0.0020000
   77.37  145.25  119.52   0.0020000
   95.38   42.32 -154.56   0.0020000
  -94.45  111.08   29.90   0.0020000
  -98.85  144.24  -97.95   0.0020000
   88.60   69.17   37.18   0.0020000
   83.59  123.11   80.99   0.0020000
  -78.25   17.92 -163.62   0.0020000
   92.28   13.68  147.68   0.0020000
   92.04   89.85  153.29   0.0020000
   93.98   57.51  149.03   0.0020000
  -80.76  119.95 -144.18   0.0020000
  -81.05  162.78  -78.29   0.0020000
 -148.12    4.57  148.33   0.0020000
  -92.30   91.97  -29.82   0.0020000
  -91.53  134.70   28.68   0.0020000
   97.74   97.89  -31.32   0.0020000
  107.47  144.90  101.93   0.0020000
 -106.46  152.59 -111.59   0.0020000
  -94.18  107.36  -34.35   0.0020000
   93.17   62.17  -90.70   0.0020000
  -73.75   20.91  133.77   0.0020000
   93.45   84.39 -151.83   0.0020000
  -97.11  129.89  143.77   0.0020000
  -92.50   60.12 -147.84   0.0020000
   94.69  121.01   93.63   0.0020000
   96.75   39.39   25.80   0.0020000
  117.04   22.86 -115.65   0.0020000
   81.57  117.11   85.65   0.0020000
 -103.91  122.84 -118.86   0.0020000
   98.38   72.31  -39.77   0.0020000
 -100.10   43.96  -86.58   0.0020000
  100.88   33.47  -34.61   0.0020000
  -85.87  137.78  -27.98   0.0020000
  -88.19   89.72   89.71   0.0020000
  -85.39   86.45  149.81   0.0020000
   87.11  108.44   25.32   0.0020000
  103.55  168.39  161.79   0.0020000
   74.16  172.81  133.04   0.0020000
   84.56  150.10 -153.13   0.0020000
  -92.93   48.20   23.48   0.0020000
   91.26  148.70  152.34   0.0020000
   71.68  155.50   73.96   0.0020000
   78.18  126.01  -98.04   0.0020000
   91.46   75.74  -91.00   0.0020000
  -80.37  119.73  -25.89   0.0020000
   83.23   74.60  -85.09   0.0020000
   98.17  154.81  -23.82   0.0020000
  -91.82  116.26   25.18   0.0020000
   87.00   24.27   44.66   0.0020000
  -87.15  130.49  -85.92   0.0020000
  -88.79   52.09  -91.18   0.0020000
 -106.28   16.70  -19.19   0.0020000
  -83.10  156.67 -144.64   0.0020000
   79.28   73.83  155.34   0.0020000
   10.12  178.44 -169.52   0.0020000
   91.99   88.01  -32.93   0.0020000
   76.12  136.00 -100.65   0.0020000
   55.72    6.51 -177.84   0.0020000
   74.86   45.15  162.07   0.0020000
 -103.57   40.26  152.50   0.0020000
   87.70  149.44  -31.84   0.0020000
 -102.54   76.37   16.89   0.0020000
 -107.89   36.20  171.10   0.0020000
  -82.02  146.79  -83.39   0.0020000
  -83.48   80.55  177.01   0.0020000
   96.59   70.02 -150.99   0.0020000
  -79.24  137.71  157.11   0.0020000
  -76.16   50.77   38.51   0.0020000
  -96.34   31.13 -179.03   0.0020000
  -99.17   86.14  -90.05   0.0020000
  -87.19   76.47  -90.74   0.0020000
  -73.48   53.04   38.09   0.0020000
  112.32  175.09   50.93   0.0020000
   97.09   48.23   85.10   0.0020000
  164.18  175.32  118.23   0.0020000
 -100.58  102.90  100.28   0.0020000
  104.71  125.93 -138.78   0.0020000
  -93.60   99.99  150.42   0.0020000
   85.77   76.41  -94.07   0.0020000
  -96.55   88.24 -153.69   0.0020000
   77.63   58.60  -24.09   0.0020000
   83.52   41.06 -130.99   0.0020000
   -0.39  174.60   59.64   0.0020000
  -85.04  159.05  -87.85   0.0020000
  -81.58   73.06  -90.22   0.0020000
  -85.93  120.37   35.13   0.0020000
  -95.14  107.64 -150.67   0.0020000
   91.81  137.58 -148.93   0.0020000
  -93.10  120.71   79.12   0.0020000
  -87.91  110.38  153.27   0.0020000
  -91.24  107.68   89.98   0.0020000
   94.34   69.03  -90.92   0.0020000
  -90.69   61.60 -155.91   0.0020000
  -81.80   47.86 -155.56   0.0020000
   47.56   10.48   73.48   0.0020000
  102.88   20.92   77.57   0.0020000
  -90.17  137.83 -163.90   0.0020000
   78.84  124.45   75.49   0.0020000
   63.58  165.45    3.36   0.0020000
   94.38  108.51 -148.15   0.0020000
  -94.91   63.63  156.88   0.0020000
  -89.47   87.31  -88.99   0.0020000
  -78.37  157.12   38.83   0.0020000
  101.89   25.14  139.47   0.0020000
  -93.84  148.84 -154.65   0.0020000
  -68.92   17.16    8.26   0.0020000
  -73.46  165.90  -17.02   0.0020000
  -91.39  156.81   27.55   0.0020000
  -99.74   91.74  -43.57   0.0020000
  -85.02  112.09 -143.84   0.0020000
  -83.39  118.69   97.55   0.0020000
 -107.01  163.11  -51.80   0.0020000
  -94.18  117.97  -33.10   0.0020000
  -89.17  104.57  148.25   0.0020000
  -90.39  122.48  149.07   0.0020000
  -32.83  171.17  -92.93   0.0020000
  -93.75  132.49   22.68   0.0020000
 -126.26  162.82   54.38   0.0020000
   97.35  156.04  154.88   0.0020000
   83.52  127.35   83.63   0.0020000
  -93.87  130.62  -32.72   0.0020000
  101.19   46.24  -27.68   0.0020000
  -93.12  140.03 -150.27   0.0020000
   87.61   65.77   90.59   0.0020000
  -96.29  162.39 -154.25   0.0020000
  -91.65  113.97  -31.01   0.0020000
   84.39  126.74   94.99   0.0020000
   98.47   69.41   83.77   0.0020000
  -80.91  123.22 -159.30   0.0020000
  -56.72    5.08 -112.66   0.0020000
  -86.84  133.96   34.21   0.0020000
   49.74    9.36  122.40   0.0020000
   86.21   67.57 -149.97   0.0020000
  -86.88   50.13   27.43   0.0020000
  114.20  174.06 -125.33   0.0020000
  -76.65   33.54 -162.94   0.0020000
   96.93  112.60 -149.75   0.0020000
  -91.49   68.49  150.62   0.0020000
 -102.12  163.64 -166.40   0.0020000
  -98.28  143.59 -156.55   0.0020000
   78.02   41.61  -24.95   0.0020000
   80.24   26.28   96.95   0.0020000
  -69.60   10.36  128.65   0.0020000
 -102.69  137.58   23.58   0.0020000
  -80.18  174.04  -13.88   0.0020000
  -82.62   93.84 -117.06   0.0020000
  -84.40   81.43 -159.77   0.0020000
  -94.56   73.76  152.16   0.0020000
  107.73  137.11  164.17   0.0020000
  -91.37   94.82   90.00   0.0020000
   79.50  139.71  142.09   0.0020000
  -84.76  114.60  113.58   0.0020000
 -118.02   15.44   58.33   0.0020000
 -105.72  156.20 -163.47   0.0020000
  -94.96   38.23  155.08   0.0020000
   85.68  103.82 -151.84   0.0020000
  -75.38   68.18   84.68   0.0020000
  -93.83   62.43   42.82   0.0020000
  -84.33   82.24 -150.52   0.0020000
 -106.90  100.25   27.16   0.0020000
   51.64  172.73   53.16   0.0020000
   92.71   82.97  -91.01   0.0020000
  -82.33   82.12  151.69   0.0020000
   92.06  132.34 -148.62   0.0020000
  -54.92    5.42 -125.85   0.0020000
  -81.93   88.55  -91.56   0.0020000
  -65.68  164.46   55.08   0.0020000
   73.44  139.66   73.61   0.0020000
   92.60   80.71  -23.97   0.0020000
  119.75   34.06   62.88   0.0020000
  -85.03  102.98   35.69   0.0020000
   82.98   99.31  -89.95   0.0020000
   93.77  162.31   34.89   0.0020000
  -94.36   38.25  -26.15   0.0020000
   77.16  141.24  134.22   0.0020000
  -93.44   69.61   91.16   0.0020000
  -26.58  174.48   93.92   0.0020000
   87.87  104.17 -151.16   0.0020000
  -77.69  124.06 -142.97   0.0020000
  127.17  160.92  -63.77   0.0020000
   95.52   26.38   25.19   0.0020000
   86.94  115.82 -150.96   0.0020000
   90.03   47.97   55.20   0.0020000
   18.70  175.66   19.10   0.0020000
   91.90   96.78   30.10   0.0020000
  127.16  169.66  176.74   0.0020000
   87.38   77.52   21.66   0.0020000
 -117.27  171.36   63.14   0.0020000
   84.57   51.82 -149.66   0.0020000
  -99.34  133.81   81.05   0.0020000
   97.28  144.27 -143.61   0.0020000
  -93.31   94.46   31.59   0.0020000
  -79.42  144.07   98.68   0.0020000
   90.56   99.49  -90.48   0.0020000
   97.20   18.73 -152.93   0.0020000
  -92.33   92.52  155.36   0.0020000
   67.34  142.64   13.56   0.0020000
  -92.01   53.18   39.22   0.0020000
  -98.25  105.68   32.26   0.0020000
  -93.49   29.40 -146.83   0.0020000
  100.05   82.81   92.66   0.0020000
  -85.04  103.26   88.91   0.0020000
  106.05  149.02  149.56   0.0020000
 -105.56  144.72  -37.60   0.0020000
   96.95   50.98 -152.80   0.0020000
  129.91  173.40  -49.43   0.0020000
   78.39   93.12 -104.08   0.0020000
   94.00   80.39  148.46   0.0020000
  -77.31  169.40  -17.70   0.0020000
  -84.07  107.50  169.61   0.0020000
   98.39  155.86  -70.88   0.0020000
   94.46   45.62 -164.34   0.0020000
  -94.66   53.87  -86.11   0.0020000
  -87.22   22.82  -85.30   0.0020000
   33.69  170.86  -78.86   0.0020000
   86.42   72.70  -89.30   0.0020000
  -92.00  154.80  -93.29   0.0020000
  -58.71   16.20  -14.85   0.0020000
   87.20   32.19  -87.37   0.0020000
  -82.61   50.61   87.56   0.0020000
  -91.38   55.95  -89.05   0.0020000
   59.89  166.21  178.33   0.0020000
 -107.49  164.78 -166.01   0.0020000
 -174.17    5.30  113.66   0.0020000
  -89.98  126.39  -29.31   0.0020000
   81.60   93.90 -174.98   0.0020000
   66.73  141.19   -2.69   0.0020000
   90.28   50.99 -149.73   0.0020000
  109.60  164.48   56.96   0.0020000
   93.93   95.76   96.31   0.0020000
  103.36  168.34  103.38   0.0020000
   95.88   91.67  -82.27   0.0020000
  -94.65   98.27  -87.69   0.0020000
   97.47   37.52 -161.78   0.0020000
   82.28   72.37   78.32   0.0020000
 -109.30  163.63  -73.09   0.0020000
  -90.45  138.50  -88.80   0.0020000
 -177.21    8.01 -122.18   0.0020000
   89.80   47.21   29.78   0.0020000
   87.43   60.64  -87.58   0.0020000
   87.45   26.15  -88.03   0.0020000
  -95.92   33.41   90.68   0.0020000
 -103.63  108.81   29.58   0.0020000
  -99.40   23.71  -80.75   0.0020000
   85.60   57.03  173.36   0.0020000
  -99.10  105.74  -33.16   0.0020000
 -120.08  163.61  -56.68   0.0020000
  -95.37  129.97 -152.88   0.0020000
  -94.67   57.85  152.25   0.0020000
  -90.24   78.45   31.50   0.0020000
 -102.42  120.14   81.41   0.0020000
   97.48  158.15  -81.88   0.0020000
  -83.24   64.05  -93.36   0.0020000
   71.15   86.81  -96.98   0.0020000
   96.53  154.84 -140.52   0.0020000
  -58.13   15.57 -119.98   0.0020000
  -87.12  105.00   30.43   0.0020000
  -84.53   81.69 -150.39   0.0020000
  119.79   12.74 -117.93   0.0020000
   56.73  177.97  -63.26   0.0020000
   87.30  135.90  148.60   0.0020000
   92.81   88.40 -151.87   0.0020000
    5.38  171.95 -164.34   0.0020000
   97.84  149.47 -143.02   0.0020000
  -65.63   23.60  113.80   0.0020000
  -92.38  113.41  151.39   0.0020000
 -101.59  147.73   22.52   0.0020000
 -108.13  149.29  -40.76   0.0020000
  -87.43  154.30  150.76   0.0020000
   64.94   24.52  -11.99   0.0020000
  120.24  162.95   57.78   0.0020000
   86.39   59.46 -149.21   0.0020000
  108.35  163.80  165.23   0.0020000
  -89.86   40.79  -90.21   0.0020000
  102.59  127.77  -63.87   0.0020000
   78.60    7.05  162.06   0.0020000
   86.01   52.82   95.49   0.0020000
 -101.08   28.07  -22.78   0.0020000
  -88.79   54.63  150.22   0.0020000
  -99.03   81.21   23.52   0.0020000
   90.78  109.49   90.61   0.0020000
   84.63  107.04  -29.58   0.0020000
  -45.00   23.21   62.49   0.0020000
  -29.06  167.49   91.67   0.0020000
   81.29  171.60  -99.20   0.0020000
  -88.99  140.34   92.87   0.0020000
 -126.79    5.63  129.16   0.0020000
   88.91  104.03  -88.13   0.0020000
  -86.98  108.88  151.98   0.0020000
   97.85   32.29  141.22   0.0020000
  170.87    3.21  -20.70   0.0020000
   87.06  112.61   32.13   0.0020000
   98.86   27.13   72.33   0.0020000
  106.93  130.81  169.17   0.0020000
 -155.55    4.86 -144.74   0.0020000
   95.28  124.81 -146.02   0.0020000
  -90.44   53.78  -31.79   0.0020000
  -92.26   64.32   91.76   0.0020000
  101.64   64.65   86.88   0.0020000
  -86.79   64.25 -151.03   0.0020000
   80.73  103.14  144.48   0.0020000
 -111.83   36.86   35.04   0.0020000
  -43.90  157.84  -49.90   0.0020000
  -68.41  164.04   -8.71   0.0020000
   84.24   45.13   93.46   0.0020000
   58.38  160.69  122.89   0.0020000
 -109.93    5.92  170.25   0.0020000
  -83.91   82.03  148.84   0.0020000
  -75.50   25.55   51.45   0.0020000
   75.44  159.80 -162.99   0.0020000
  -94.35  139.25  -31.92   0.0020000
  118.19    6.44 -179.41   0.0020000
  -79.06  139.99 -140.44   0.0020000
   84.72  109.11  -98.39   0.0020000
  -96.46  116.81  -35.90   0.0020000
    9.94  176.35  128.74   0.0020000
  -89.10  137.83   29.90   0.0020000
  -87.47   67.02   29.19   0.0020000
  -93.72  148.54  -31.75   0.0020000
 -121.48   11.64 -178.83   0.0020000
   17.14   10.92  116.62   0.0020000
   81.71   74.76  -22.31   0.0020000
 -102.81  127.73  -96.76   0.0020000
   78.74   25.91  -26.59   0.0020000
  103.17   11.37 -103.39   0.0020000
   93.15   82.15 -152.19   0.0020000
  -91.43   42.19  143.90   0.0020000
  -91.60   83.31  151.54   0.0020000
   92.88  106.48   95.43   0.0020000
  116.66  173.67  178.31   0.0020000
  -95.46  113.71   27.25   0.0020000
  -97.01   64.77   83.70   0.0020000
   83.34   46.65   40.27   0.0020000
  115.40  174.66  -65.71   0.0020000
 -104.30   97.46  -34.56   0.0020000
  -84.92  127.92  -25.85   0.0020000
   92.40   79.16  -28.10   0.0020000
   79.66  130.45   82.68   0.0020000
  -48.16  165.30   11.37   0.0020000
  -94.85   95.21  -85.35   0.0020000
